================================
       RUNNING BENCHMARKS
================================
CONFIGURATION: N = 16, nodes = 2
/scratch/snx3000/mazzolag/qsim/Intel-QS/./examples_giulia/dj.exe: error while loading shared libraries: libmkl_intel_lp64.so: cannot open shared object file: No such file or directory
/scratch/snx3000/mazzolag/qsim/Intel-QS/./examples_giulia/dj.exe: error while loading shared libraries: libmkl_intel_lp64.so: cannot open shared object file: No such file or directory
/scratch/snx3000/mazzolag/qsim/Intel-QS/./examples_giulia/dj.exe: error while loading shared libraries: libmkl_intel_lp64.so: cannot open shared object file: No such file or directory
/scratch/snx3000/mazzolag/qsim/Intel-QS/./examples_giulia/dj.exe: error while loading shared libraries: libmkl_intel_lp64.so: cannot open shared object file: No such file or directory
srun: error: nid00007: tasks 2-3: Exited with exit code 127
srun: Terminating job step 14162970.0
srun: error: nid00006: tasks 0-1: Exited with exit code 127
srun: error: nid00007: tasks 2-3: Exited with exit code 127
srun: error: Task 2 reported exit for a second time.
srun: error: Task 3 reported exit for a second time.

CONFIGURATION: N = 19, nodes = 2
srun: Job 14162970 step creation temporarily disabled, retrying
srun: Step created for job 14162970
/scratch/snx3000/mazzolag/qsim/Intel-QS/./examples_giulia/dj.exe: error while loading shared libraries: libmkl_intel_lp64.so: cannot open shared object file: No such file or directory
/scratch/snx3000/mazzolag/qsim/Intel-QS/./examples_giulia/dj.exe: error while loading shared libraries: libmkl_intel_lp64.so: cannot open shared object file: No such file or directory
/scratch/snx3000/mazzolag/qsim/Intel-QS/./examples_giulia/dj.exe: error while loading shared libraries: libmkl_intel_lp64.so: cannot open shared object file: No such file or directory
/scratch/snx3000/mazzolag/qsim/Intel-QS/./examples_giulia/dj.exe: error while loading shared libraries: libmkl_intel_lp64.so: cannot open shared object file: No such file or directory
srun: error: nid00006: tasks 0-1: Exited with exit code 127
srun: Terminating job step 14162970.1
srun: error: nid00007: tasks 2-3: Exited with exit code 127
srun: error: nid00006: tasks 0-1: Exited with exit code 127
srun: error: Task 0 reported exit for a second time.
srun: error: Task 1 reported exit for a second time.

CONFIGURATION: N = 22, nodes = 2
srun: Job 14162970 step creation temporarily disabled, retrying
srun: Step created for job 14162970
/scratch/snx3000/mazzolag/qsim/Intel-QS/./examples_giulia/dj.exe: error while loading shared libraries: libmkl_intel_lp64.so: cannot open shared object file: No such file or directory
/scratch/snx3000/mazzolag/qsim/Intel-QS/./examples_giulia/dj.exe: error while loading shared libraries: libmkl_intel_lp64.so: cannot open shared object file: No such file or directory
/scratch/snx3000/mazzolag/qsim/Intel-QS/./examples_giulia/dj.exe: error while loading shared libraries: libmkl_intel_lp64.so: cannot open shared object file: No such file or directory
/scratch/snx3000/mazzolag/qsim/Intel-QS/./examples_giulia/dj.exe: error while loading shared libraries: libmkl_intel_lp64.so: cannot open shared object file: No such file or directory
srun: error: nid00006: tasks 0-1: Exited with exit code 127
srun: Terminating job step 14162970.2
srun: error: nid00007: tasks 2-3: Exited with exit code 127

CONFIGURATION: N = 24, nodes = 2
/scratch/snx3000/mazzolag/qsim/Intel-QS/./examples_giulia/dj.exe: error while loading shared libraries: libmkl_intel_lp64.so: cannot open shared object file: No such file or directory
/scratch/snx3000/mazzolag/qsim/Intel-QS/./examples_giulia/dj.exe: error while loading shared libraries: libmkl_intel_lp64.so: cannot open shared object file: No such file or directory
/scratch/snx3000/mazzolag/qsim/Intel-QS/./examples_giulia/dj.exe: error while loading shared libraries: libmkl_intel_lp64.so: cannot open shared object file: No such file or directory
/scratch/snx3000/mazzolag/qsim/Intel-QS/./examples_giulia/dj.exe: error while loading shared libraries: libmkl_intel_lp64.so: cannot open shared object file: No such file or directory
srun: error: nid00006: tasks 0-1: Exited with exit code 127
srun: Terminating job step 14162970.3
srun: error: nid00007: tasks 2-3: Exited with exit code 127

CONFIGURATION: N = 26, nodes = 2
/scratch/snx3000/mazzolag/qsim/Intel-QS/./examples_giulia/dj.exe: error while loading shared libraries: libmkl_intel_lp64.so: cannot open shared object file: No such file or directory
/scratch/snx3000/mazzolag/qsim/Intel-QS/./examples_giulia/dj.exe: error while loading shared libraries: libmkl_intel_lp64.so: cannot open shared object file: No such file or directory
/scratch/snx3000/mazzolag/qsim/Intel-QS/./examples_giulia/dj.exe: error while loading shared libraries: libmkl_intel_lp64.so: cannot open shared object file: No such file or directory
/scratch/snx3000/mazzolag/qsim/Intel-QS/./examples_giulia/dj.exe: error while loading shared libraries: libmkl_intel_lp64.so: cannot open shared object file: No such file or directory
srun: error: nid00006: tasks 0-1: Exited with exit code 127
srun: Terminating job step 14162970.4
srun: error: nid00007: tasks 2-3: Exited with exit code 127

CONFIGURATION: N = 27, nodes = 2
/scratch/snx3000/mazzolag/qsim/Intel-QS/./examples_giulia/dj.exe: error while loading shared libraries: libmkl_intel_lp64.so: cannot open shared object file: No such file or directory
/scratch/snx3000/mazzolag/qsim/Intel-QS/./examples_giulia/dj.exe: error while loading shared libraries: libmkl_intel_lp64.so: cannot open shared object file: No such file or directory
/scratch/snx3000/mazzolag/qsim/Intel-QS/./examples_giulia/dj.exe: error while loading shared libraries: libmkl_intel_lp64.so: cannot open shared object file: No such file or directory
/scratch/snx3000/mazzolag/qsim/Intel-QS/./examples_giulia/dj.exe: error while loading shared libraries: libmkl_intel_lp64.so: cannot open shared object file: No such file or directory
srun: error: nid00006: tasks 0-1: Exited with exit code 127
srun: Terminating job step 14162970.5
srun: error: nid00007: tasks 2-3: Exited with exit code 127

CONFIGURATION: N = 28, nodes = 2
/scratch/snx3000/mazzolag/qsim/Intel-QS/./examples_giulia/dj.exe: error while loading shared libraries: libmkl_intel_lp64.so: cannot open shared object file: No such file or directory
/scratch/snx3000/mazzolag/qsim/Intel-QS/./examples_giulia/dj.exe: error while loading shared libraries: libmkl_intel_lp64.so: cannot open shared object file: No such file or directory
/scratch/snx3000/mazzolag/qsim/Intel-QS/./examples_giulia/dj.exe: error while loading shared libraries: libmkl_intel_lp64.so: cannot open shared object file: No such file or directory
/scratch/snx3000/mazzolag/qsim/Intel-QS/./examples_giulia/dj.exe: error while loading shared libraries: libmkl_intel_lp64.so: cannot open shared object file: No such file or directory
srun: error: nid00006: tasks 0-1: Exited with exit code 127
srun: Terminating job step 14162970.6
srun: error: nid00007: tasks 2-3: Exited with exit code 127

CONFIGURATION: N = 29, nodes = 2
/scratch/snx3000/mazzolag/qsim/Intel-QS/./examples_giulia/dj.exe: error while loading shared libraries: libmkl_intel_lp64.so: cannot open shared object file: No such file or directory
/scratch/snx3000/mazzolag/qsim/Intel-QS/./examples_giulia/dj.exe: error while loading shared libraries: libmkl_intel_lp64.so: cannot open shared object file: No such file or directory
/scratch/snx3000/mazzolag/qsim/Intel-QS/./examples_giulia/dj.exe: error while loading shared libraries: libmkl_intel_lp64.so: cannot open shared object file: No such file or directory
/scratch/snx3000/mazzolag/qsim/Intel-QS/./examples_giulia/dj.exe: error while loading shared libraries: libmkl_intel_lp64.so: cannot open shared object file: No such file or directory
srun: error: nid00006: tasks 0-1: Exited with exit code 127
srun: Terminating job step 14162970.7
srun: error: nid00007: tasks 2-3: Exited with exit code 127
srun: error: nid00006: tasks 0-1: Exited with exit code 127
srun: error: Task 0 reported exit for a second time.
srun: error: Task 1 reported exit for a second time.

CONFIGURATION: N = 30, nodes = 2
srun: Job 14162970 step creation temporarily disabled, retrying
srun: Step created for job 14162970
/scratch/snx3000/mazzolag/qsim/Intel-QS/./examples_giulia/dj.exe: error while loading shared libraries: libmkl_intel_lp64.so: cannot open shared object file: No such file or directory
/scratch/snx3000/mazzolag/qsim/Intel-QS/./examples_giulia/dj.exe: error while loading shared libraries: libmkl_intel_lp64.so: cannot open shared object file: No such file or directory
/scratch/snx3000/mazzolag/qsim/Intel-QS/./examples_giulia/dj.exe: error while loading shared libraries: libmkl_intel_lp64.so: cannot open shared object file: No such file or directory
/scratch/snx3000/mazzolag/qsim/Intel-QS/./examples_giulia/dj.exe: error while loading shared libraries: libmkl_intel_lp64.so: cannot open shared object file: No such file or directory
srun: error: nid00006: tasks 0-1: Exited with exit code 127
srun: Terminating job step 14162970.8
srun: error: nid00007: tasks 2-3: Exited with exit code 127

CONFIGURATION: N = 31, nodes = 2
/scratch/snx3000/mazzolag/qsim/Intel-QS/./examples_giulia/dj.exe: error while loading shared libraries: libmkl_intel_lp64.so: cannot open shared object file: No such file or directory
/scratch/snx3000/mazzolag/qsim/Intel-QS/./examples_giulia/dj.exe: error while loading shared libraries: libmkl_intel_lp64.so: cannot open shared object file: No such file or directory
/scratch/snx3000/mazzolag/qsim/Intel-QS/./examples_giulia/dj.exe: error while loading shared libraries: libmkl_intel_lp64.so: cannot open shared object file: No such file or directory
/scratch/snx3000/mazzolag/qsim/Intel-QS/./examples_giulia/dj.exe: error while loading shared libraries: libmkl_intel_lp64.so: cannot open shared object file: No such file or directory
srun: error: nid00006: tasks 0-1: Exited with exit code 127
srun: Terminating job step 14162970.9
srun: error: nid00007: tasks 2-3: Exited with exit code 127

CONFIGURATION: N = 33, nodes = 2
/scratch/snx3000/mazzolag/qsim/Intel-QS/./examples_giulia/dj.exe: error while loading shared libraries: libmkl_intel_lp64.so: cannot open shared object file: No such file or directory
/scratch/snx3000/mazzolag/qsim/Intel-QS/./examples_giulia/dj.exe: error while loading shared libraries: libmkl_intel_lp64.so: cannot open shared object file: No such file or directory
/scratch/snx3000/mazzolag/qsim/Intel-QS/./examples_giulia/dj.exe: error while loading shared libraries: libmkl_intel_lp64.so: cannot open shared object file: No such file or directory
/scratch/snx3000/mazzolag/qsim/Intel-QS/./examples_giulia/dj.exe: error while loading shared libraries: libmkl_intel_lp64.so: cannot open shared object file: No such file or directory
srun: error: nid00006: tasks 0-1: Exited with exit code 127
srun: Terminating job step 14162970.10
srun: error: nid00007: tasks 2-3: Exited with exit code 127

CONFIGURATION: n x m = 4x4, depth = 20, nodes = 2
slurmstepd: error: execve(): /scratch/snx3000/mazzolag/qsim/Intel-QS/./randomQC/rqc.exe: No such file or directory
slurmstepd: error: execve(): /scratch/snx3000/mazzolag/qsim/Intel-QS/./randomQC/rqc.exe: No such file or directory
slurmstepd: error: execve(): /scratch/snx3000/mazzolag/qsim/Intel-QS/./randomQC/rqc.exe: No such file or directory
slurmstepd: error: execve(): /scratch/snx3000/mazzolag/qsim/Intel-QS/./randomQC/rqc.exe: No such file or directory
srun: error: nid00006: tasks 0-1: Exited with exit code 2
srun: Terminating job step 14162970.11
srun: error: nid00007: tasks 2-3: Exited with exit code 2

CONFIGURATION: n x m = 4x5, depth = 20, nodes = 2
slurmstepd: error: execve(): /scratch/snx3000/mazzolag/qsim/Intel-QS/./randomQC/rqc.exe: No such file or directory
slurmstepd: error: execve(): /scratch/snx3000/mazzolag/qsim/Intel-QS/./randomQC/rqc.exe: No such file or directory
slurmstepd: error: execve(): /scratch/snx3000/mazzolag/qsim/Intel-QS/./randomQC/rqc.exe: No such file or directory
slurmstepd: error: execve(): /scratch/snx3000/mazzolag/qsim/Intel-QS/./randomQC/rqc.exe: No such file or directory
srun: error: nid00006: tasks 0-1: Exited with exit code 2
srun: Terminating job step 14162970.12
srun: error: nid00007: tasks 2-3: Exited with exit code 2

CONFIGURATION: n x m = 4x4, depth = 40, nodes = 2
slurmstepd: error: execve(): /scratch/snx3000/mazzolag/qsim/Intel-QS/./randomQC/rqc.exe: No such file or directory
slurmstepd: error: execve(): /scratch/snx3000/mazzolag/qsim/Intel-QS/./randomQC/rqc.exe: No such file or directory
slurmstepd: error: execve(): /scratch/snx3000/mazzolag/qsim/Intel-QS/./randomQC/rqc.exe: No such file or directory
slurmstepd: error: execve(): /scratch/snx3000/mazzolag/qsim/Intel-QS/./randomQC/rqc.exe: No such file or directory
srun: error: nid00006: tasks 0-1: Exited with exit code 2
srun: Terminating job step 14162970.13
srun: error: nid00007: tasks 2-3: Exited with exit code 2

CONFIGURATION: n x m = 4x5, depth = 40, nodes = 2
slurmstepd: error: execve(): /scratch/snx3000/mazzolag/qsim/Intel-QS/./randomQC/rqc.exe: No such file or directory
slurmstepd: error: execve(): /scratch/snx3000/mazzolag/qsim/Intel-QS/./randomQC/rqc.exe: No such file or directory
slurmstepd: error: execve(): /scratch/snx3000/mazzolag/qsim/Intel-QS/./randomQC/rqc.exe: No such file or directory
slurmstepd: error: execve(): /scratch/snx3000/mazzolag/qsim/Intel-QS/./randomQC/rqc.exe: No such file or directory
srun: error: nid00006: tasks 0-1: Exited with exit code 2
srun: Terminating job step 14162970.14
srun: error: nid00007: tasks 2-3: Exited with exit code 2

CONFIGURATION: n x m = 4x4, depth = 60, nodes = 2
slurmstepd: error: execve(): /scratch/snx3000/mazzolag/qsim/Intel-QS/./randomQC/rqc.exe: No such file or directory
slurmstepd: error: execve(): /scratch/snx3000/mazzolag/qsim/Intel-QS/./randomQC/rqc.exe: No such file or directory
slurmstepd: error: execve(): /scratch/snx3000/mazzolag/qsim/Intel-QS/./randomQC/rqc.exe: No such file or directory
slurmstepd: error: execve(): /scratch/snx3000/mazzolag/qsim/Intel-QS/./randomQC/rqc.exe: No such file or directory
srun: error: nid00006: tasks 0-1: Exited with exit code 2
srun: Terminating job step 14162970.15
srun: error: nid00007: tasks 2-3: Exited with exit code 2

CONFIGURATION: n x m = 4x5, depth = 60, nodes = 2
slurmstepd: error: execve(): /scratch/snx3000/mazzolag/qsim/Intel-QS/./randomQC/rqc.exe: No such file or directory
slurmstepd: error: execve(): /scratch/snx3000/mazzolag/qsim/Intel-QS/./randomQC/rqc.exe: No such file or directory
slurmstepd: error: execve(): /scratch/snx3000/mazzolag/qsim/Intel-QS/./randomQC/rqc.exe: No such file or directory
slurmstepd: error: execve(): /scratch/snx3000/mazzolag/qsim/Intel-QS/./randomQC/rqc.exe: No such file or directory
srun: error: nid00006: tasks 0-1: Exited with exit code 2
srun: Terminating job step 14162970.16
srun: error: nid00007: tasks 2-3: Exited with exit code 2

CONFIGURATION: n x m = 5x5, depth = 20, nodes = 2
slurmstepd: error: execve(): /scratch/snx3000/mazzolag/qsim/Intel-QS/./randomQC/rqc.exe: No such file or directory
slurmstepd: error: execve(): /scratch/snx3000/mazzolag/qsim/Intel-QS/./randomQC/rqc.exe: No such file or directory
slurmstepd: error: execve(): /scratch/snx3000/mazzolag/qsim/Intel-QS/./randomQC/rqc.exe: No such file or directory
slurmstepd: error: execve(): /scratch/snx3000/mazzolag/qsim/Intel-QS/./randomQC/rqc.exe: No such file or directory
srun: error: nid00006: tasks 0-1: Exited with exit code 2
srun: Terminating job step 14162970.17
srun: error: nid00007: tasks 2-3: Exited with exit code 2

CONFIGURATION: n x m = 5x6, depth = 20, nodes = 2
slurmstepd: error: execve(): /scratch/snx3000/mazzolag/qsim/Intel-QS/./randomQC/rqc.exe: No such file or directory
slurmstepd: error: execve(): /scratch/snx3000/mazzolag/qsim/Intel-QS/./randomQC/rqc.exe: No such file or directory
slurmstepd: error: execve(): /scratch/snx3000/mazzolag/qsim/Intel-QS/./randomQC/rqc.exe: No such file or directory
slurmstepd: error: execve(): /scratch/snx3000/mazzolag/qsim/Intel-QS/./randomQC/rqc.exe: No such file or directory
srun: error: nid00006: tasks 0-1: Exited with exit code 2
srun: Terminating job step 14162970.18
srun: error: nid00007: tasks 2-3: Exited with exit code 2

CONFIGURATION: n x m = 5x5, depth = 40, nodes = 2
slurmstepd: error: execve(): /scratch/snx3000/mazzolag/qsim/Intel-QS/./randomQC/rqc.exe: No such file or directory
slurmstepd: error: execve(): /scratch/snx3000/mazzolag/qsim/Intel-QS/./randomQC/rqc.exe: No such file or directory
slurmstepd: error: execve(): /scratch/snx3000/mazzolag/qsim/Intel-QS/./randomQC/rqc.exe: No such file or directory
slurmstepd: error: execve(): /scratch/snx3000/mazzolag/qsim/Intel-QS/./randomQC/rqc.exe: No such file or directory
srun: error: nid00006: tasks 0-1: Exited with exit code 2
srun: Terminating job step 14162970.19
srun: error: nid00007: tasks 2-3: Exited with exit code 2

CONFIGURATION: n x m = 5x6, depth = 40, nodes = 2
slurmstepd: error: execve(): /scratch/snx3000/mazzolag/qsim/Intel-QS/./randomQC/rqc.exe: No such file or directory
slurmstepd: error: execve(): /scratch/snx3000/mazzolag/qsim/Intel-QS/./randomQC/rqc.exe: No such file or directory
slurmstepd: error: execve(): /scratch/snx3000/mazzolag/qsim/Intel-QS/./randomQC/rqc.exe: No such file or directory
slurmstepd: error: execve(): /scratch/snx3000/mazzolag/qsim/Intel-QS/./randomQC/rqc.exe: No such file or directory
srun: error: nid00006: tasks 0-1: Exited with exit code 2
srun: Terminating job step 14162970.20
srun: error: nid00007: tasks 2-3: Exited with exit code 2

CONFIGURATION: n x m = 5x5, depth = 60, nodes = 2
slurmstepd: error: execve(): /scratch/snx3000/mazzolag/qsim/Intel-QS/./randomQC/rqc.exe: No such file or directory
slurmstepd: error: execve(): /scratch/snx3000/mazzolag/qsim/Intel-QS/./randomQC/rqc.exe: No such file or directory
slurmstepd: error: execve(): /scratch/snx3000/mazzolag/qsim/Intel-QS/./randomQC/rqc.exe: No such file or directory
slurmstepd: error: execve(): /scratch/snx3000/mazzolag/qsim/Intel-QS/./randomQC/rqc.exe: No such file or directory
srun: error: nid00006: tasks 0-1: Exited with exit code 2
srun: Terminating job step 14162970.21
srun: error: nid00007: tasks 2-3: Exited with exit code 2

CONFIGURATION: n x m = 5x6, depth = 60, nodes = 2
slurmstepd: error: execve(): /scratch/snx3000/mazzolag/qsim/Intel-QS/./randomQC/rqc.exe: No such file or directory
slurmstepd: error: execve(): /scratch/snx3000/mazzolag/qsim/Intel-QS/./randomQC/rqc.exe: No such file or directory
slurmstepd: error: execve(): /scratch/snx3000/mazzolag/qsim/Intel-QS/./randomQC/rqc.exe: No such file or directory
slurmstepd: error: execve(): /scratch/snx3000/mazzolag/qsim/Intel-QS/./randomQC/rqc.exe: No such file or directory
srun: error: nid00006: tasks 0-1: Exited with exit code 2
srun: Terminating job step 14162970.22
srun: error: nid00007: tasks 2-3: Exited with exit code 2

CONFIGURATION: n x m = 6x6, depth = 20, nodes = 2
slurmstepd: error: execve(): /scratch/snx3000/mazzolag/qsim/Intel-QS/./randomQC/rqc.exe: No such file or directory
slurmstepd: error: execve(): /scratch/snx3000/mazzolag/qsim/Intel-QS/./randomQC/rqc.exe: No such file or directory
slurmstepd: error: execve(): /scratch/snx3000/mazzolag/qsim/Intel-QS/./randomQC/rqc.exe: No such file or directory
slurmstepd: error: execve(): /scratch/snx3000/mazzolag/qsim/Intel-QS/./randomQC/rqc.exe: No such file or directory
srun: error: nid00006: tasks 0-1: Exited with exit code 2
srun: Terminating job step 14162970.23
srun: error: nid00007: tasks 2-3: Exited with exit code 2

CONFIGURATION: n x m = 6x7, depth = 20, nodes = 2
slurmstepd: error: execve(): /scratch/snx3000/mazzolag/qsim/Intel-QS/./randomQC/rqc.exe: No such file or directory
slurmstepd: error: execve(): /scratch/snx3000/mazzolag/qsim/Intel-QS/./randomQC/rqc.exe: No such file or directory
slurmstepd: error: execve(): /scratch/snx3000/mazzolag/qsim/Intel-QS/./randomQC/rqc.exe: No such file or directory
slurmstepd: error: execve(): /scratch/snx3000/mazzolag/qsim/Intel-QS/./randomQC/rqc.exe: No such file or directory
srun: error: nid00006: tasks 0-1: Exited with exit code 2
srun: Terminating job step 14162970.24
srun: error: nid00007: tasks 2-3: Exited with exit code 2

CONFIGURATION: n x m = 6x6, depth = 40, nodes = 2
slurmstepd: error: execve(): /scratch/snx3000/mazzolag/qsim/Intel-QS/./randomQC/rqc.exe: No such file or directory
slurmstepd: error: execve(): /scratch/snx3000/mazzolag/qsim/Intel-QS/./randomQC/rqc.exe: No such file or directory
slurmstepd: error: execve(): /scratch/snx3000/mazzolag/qsim/Intel-QS/./randomQC/rqc.exe: No such file or directory
slurmstepd: error: execve(): /scratch/snx3000/mazzolag/qsim/Intel-QS/./randomQC/rqc.exe: No such file or directory
srun: error: nid00006: tasks 0-1: Exited with exit code 2
srun: Terminating job step 14162970.25
srun: error: nid00007: tasks 2-3: Exited with exit code 2

CONFIGURATION: n x m = 6x7, depth = 40, nodes = 2
slurmstepd: error: execve(): /scratch/snx3000/mazzolag/qsim/Intel-QS/./randomQC/rqc.exe: No such file or directory
slurmstepd: error: execve(): /scratch/snx3000/mazzolag/qsim/Intel-QS/./randomQC/rqc.exe: No such file or directory
slurmstepd: error: execve(): /scratch/snx3000/mazzolag/qsim/Intel-QS/./randomQC/rqc.exe: No such file or directory
slurmstepd: error: execve(): /scratch/snx3000/mazzolag/qsim/Intel-QS/./randomQC/rqc.exe: No such file or directory
srun: error: nid00006: tasks 0-1: Exited with exit code 2
srun: Terminating job step 14162970.26
srun: error: nid00007: tasks 2-3: Exited with exit code 2
srun: error: nid00006: tasks 0-1: Exited with exit code 2
srun: error: Task 0 reported exit for a second time.
srun: error: Task 1 reported exit for a second time.

CONFIGURATION: n x m = 6x6, depth = 60, nodes = 2
srun: Job 14162970 step creation temporarily disabled, retrying
srun: Step created for job 14162970
slurmstepd: error: execve(): /scratch/snx3000/mazzolag/qsim/Intel-QS/./randomQC/rqc.exe: No such file or directory
slurmstepd: error: execve(): /scratch/snx3000/mazzolag/qsim/Intel-QS/./randomQC/rqc.exe: No such file or directory
slurmstepd: error: execve(): /scratch/snx3000/mazzolag/qsim/Intel-QS/./randomQC/rqc.exe: No such file or directory
slurmstepd: error: execve(): /scratch/snx3000/mazzolag/qsim/Intel-QS/./randomQC/rqc.exe: No such file or directory
srun: error: nid00006: tasks 0-1: Exited with exit code 2
srun: Terminating job step 14162970.27
srun: error: nid00007: tasks 2-3: Exited with exit code 2

CONFIGURATION: n x m = 6x7, depth = 60, nodes = 2
slurmstepd: error: execve(): /scratch/snx3000/mazzolag/qsim/Intel-QS/./randomQC/rqc.exe: No such file or directory
slurmstepd: error: execve(): /scratch/snx3000/mazzolag/qsim/Intel-QS/./randomQC/rqc.exe: No such file or directory
slurmstepd: error: execve(): /scratch/snx3000/mazzolag/qsim/Intel-QS/./randomQC/rqc.exe: No such file or directory
slurmstepd: error: execve(): /scratch/snx3000/mazzolag/qsim/Intel-QS/./randomQC/rqc.exe: No such file or directory
srun: error: nid00006: tasks 0-1: Exited with exit code 2
srun: Terminating job step 14162970.28
srun: error: nid00007: tasks 2-3: Exited with exit code 2

 
Batch Job Summary Report for Job "script_2.sh" (14162970) on daint
-----------------------------------------------------------------------------------------------------
             Submit            Eligible               Start                 End    Elapsed  Timelimit 
------------------- ------------------- ------------------- ------------------- ---------- ---------- 
2019-05-21T18:02:00 2019-05-21T18:02:00 2019-05-21T18:02:02 2019-05-21T18:03:09   00:01:07   03:00:00 
-----------------------------------------------------------------------------------------------------
Username    Account     Partition   NNodes   Energy
----------  ----------  ----------  ------  --------------
mazzolag    csstaff     normal           2    9.47K joules
 
This job did not utilize any GPUs
 
----------------------------------------------------------
Scratch File System        Files       Quota
--------------------  ----------  ----------
/scratch/snx3000           18792     1000000
 
