=============================
  LOADING MODULES
=============================
=============================
  BUILDING AND COMPILATION
=============================
cd util; make clean
make[1]: Entering directory '/scratch/snx3000/mazzolag/qsim/Intel-QS/util'
rm -f *.o *.s *.d *~
make[1]: Leaving directory '/scratch/snx3000/mazzolag/qsim/Intel-QS/util'
cd util/tests; make clean
make[1]: Entering directory '/scratch/snx3000/mazzolag/qsim/Intel-QS/util/tests'
rm -f *.o *.s *.d *~ *.exe
make[1]: Leaving directory '/scratch/snx3000/mazzolag/qsim/Intel-QS/util/tests'
cd qureg; make clean
make[1]: Entering directory '/scratch/snx3000/mazzolag/qsim/Intel-QS/qureg'
rm -f *.o *.s *.d *~ ./qHiPSTER.a
make[1]: Leaving directory '/scratch/snx3000/mazzolag/qsim/Intel-QS/qureg'
cd tests; make clean
make[1]: Entering directory '/scratch/snx3000/mazzolag/qsim/Intel-QS/tests'
rm -f *.o *.s *.d *~ benchgates.exe testgates.exe qft_test.exe expect_value_test.exe getting_started_example.exe single_qubit_gates_test.exe noisy_circuit_test.exe
make[1]: Leaving directory '/scratch/snx3000/mazzolag/qsim/Intel-QS/tests'
cd examples_giulia; make clean
make[1]: Entering directory '/scratch/snx3000/mazzolag/qsim/Intel-QS/examples_giulia'
rm -f *.o *.s *.d *~ dj.exe rqc.exe
make[1]: Leaving directory '/scratch/snx3000/mazzolag/qsim/Intel-QS/examples_giulia'
cd interface; make clean
make[1]: Entering directory '/scratch/snx3000/mazzolag/qsim/Intel-QS/interface'
rm -f *.o *.s *.d *~ qasm_interface.exe
make[1]: Leaving directory '/scratch/snx3000/mazzolag/qsim/Intel-QS/interface'
rm -fr ./build/
cd util; make
make[1]: Entering directory '/scratch/snx3000/mazzolag/qsim/Intel-QS/util'
CC -mkl -no-ipo -g -O3 -DUSE_MM_MALLOC -DSTANDALONE -DINTELQS_HAS_MPI -DMKL_ILP64 -Wall -std=c++11 -qopenmp   -I./ -I../ -c mpi_wrapper.cpp -o mpi_wrapper.o
CC -mkl -no-ipo -g -O3 -DUSE_MM_MALLOC -DSTANDALONE -DINTELQS_HAS_MPI -DMKL_ILP64 -Wall -std=c++11 -qopenmp   -I./ -I../ -c mpi_exception.cpp -o mpi_exception.o
CC -mkl -no-ipo -g -O3 -DUSE_MM_MALLOC -DSTANDALONE -DINTELQS_HAS_MPI -DMKL_ILP64 -Wall -std=c++11 -qopenmp   -I./ -I../ -c mpi.cpp -o mpi.o
CC -mkl -no-ipo -g -O3 -DUSE_MM_MALLOC -DSTANDALONE -DINTELQS_HAS_MPI -DMKL_ILP64 -Wall -std=c++11 -qopenmp   -I./ -I../ -c utils.cpp -o utils.o
CC -mkl -no-ipo -g -O3 -DUSE_MM_MALLOC -DSTANDALONE -DINTELQS_HAS_MPI -DMKL_ILP64 -Wall -std=c++11 -qopenmp   -I./ -I../ -c openmp_affinity_noomp.cpp -o openmp_affinity_noomp.o
CC -mkl -no-ipo -g -O3 -DUSE_MM_MALLOC -DSTANDALONE -DINTELQS_HAS_MPI -DMKL_ILP64 -Wall -std=c++11 -qopenmp   -I./ -I../ -c openmp_affinity_corei7.cpp -o openmp_affinity_corei7.o
make[1]: Leaving directory '/scratch/snx3000/mazzolag/qsim/Intel-QS/util'
cd util/tests; make
make[1]: Entering directory '/scratch/snx3000/mazzolag/qsim/Intel-QS/util/tests'
CC -mkl -no-ipo -g -O3 -DUSE_MM_MALLOC -DSTANDALONE -DINTELQS_HAS_MPI -DMKL_ILP64 -Wall -std=c++11 -qopenmp   -I./ -I../ -c mpi_exception_test.cpp -o mpi_exception_test.o
CC -mkl -no-ipo -g -O3 -DUSE_MM_MALLOC -DSTANDALONE -DINTELQS_HAS_MPI -DMKL_ILP64 -Wall -std=c++11 -qopenmp   -I./ -I../ -c mpi_test1.cpp -o mpi_test1.o
CC -mkl -no-ipo -g -O3 -DUSE_MM_MALLOC -DSTANDALONE -DINTELQS_HAS_MPI -DMKL_ILP64 -Wall -std=c++11 -qopenmp   -I./ -I../ -c omp_test1.cpp -o omp_test1.o
CC -mkl -no-ipo -g -O3 -DUSE_MM_MALLOC -DSTANDALONE -DINTELQS_HAS_MPI -DMKL_ILP64 -Wall -std=c++11 -qopenmp   -I./ -I../ -c naive_integral_base.cpp -o naive_integral_base.o
CC -mkl -no-ipo -g -O3 -DUSE_MM_MALLOC -DSTANDALONE -DINTELQS_HAS_MPI -DMKL_ILP64 -Wall -std=c++11 -qopenmp   -I./ -I../ -c omp_integral_base.cpp -o omp_integral_base.o
CC -mkl -no-ipo -g -O3 -DUSE_MM_MALLOC -DSTANDALONE -DINTELQS_HAS_MPI -DMKL_ILP64 -Wall -std=c++11 -qopenmp   -L/opt/intel/compilers_and_libraries_2018.2.199/linux/mkl/lib/intel64 -lmkl_cdft_core -lmkl_intel_ilp64 -lmkl_core -lmkl_intel_thread -lmkl_blacs_intelmpi_ilp64 -lpthread -lirc omp_test1.o ../openmp_affinity_corei7.o ../openmp_affinity_noomp.o -o omp_test1.exe
CC -mkl -no-ipo -g -O3 -DUSE_MM_MALLOC -DSTANDALONE -DINTELQS_HAS_MPI -DMKL_ILP64 -Wall -std=c++11 -qopenmp   -L/opt/intel/compilers_and_libraries_2018.2.199/linux/mkl/lib/intel64 -lmkl_cdft_core -lmkl_intel_ilp64 -lmkl_core -lmkl_intel_thread -lmkl_blacs_intelmpi_ilp64 -lpthread -lirc naive_integral_base.o -o naive_integral_base.exe
CC -mkl -no-ipo -g -O3 -DUSE_MM_MALLOC -DSTANDALONE -DINTELQS_HAS_MPI -DMKL_ILP64 -Wall -std=c++11 -qopenmp   -L/opt/intel/compilers_and_libraries_2018.2.199/linux/mkl/lib/intel64 -lmkl_cdft_core -lmkl_intel_ilp64 -lmkl_core -lmkl_intel_thread -lmkl_blacs_intelmpi_ilp64 -lpthread -lirc mpi_test1.o ../mpi_wrapper.o ../mpi_exception.o -o mpi_test1.exe
CC -mkl -no-ipo -g -O3 -DUSE_MM_MALLOC -DSTANDALONE -DINTELQS_HAS_MPI -DMKL_ILP64 -Wall -std=c++11 -qopenmp   -L/opt/intel/compilers_and_libraries_2018.2.199/linux/mkl/lib/intel64 -lmkl_cdft_core -lmkl_intel_ilp64 -lmkl_core -lmkl_intel_thread -lmkl_blacs_intelmpi_ilp64 -lpthread -lirc mpi_exception_test.o ../mpi_exception.o ../mpi_wrapper.o -o mpi_exception_test.exe
CC -mkl -no-ipo -g -O3 -DUSE_MM_MALLOC -DSTANDALONE -DINTELQS_HAS_MPI -DMKL_ILP64 -Wall -std=c++11 -qopenmp   -L/opt/intel/compilers_and_libraries_2018.2.199/linux/mkl/lib/intel64 -lmkl_cdft_core -lmkl_intel_ilp64 -lmkl_core -lmkl_intel_thread -lmkl_blacs_intelmpi_ilp64 -lpthread -lirc omp_integral_base.o ../openmp_affinity_corei7.o ../openmp_affinity_noomp.o -o omp_integral_base.exe
/usr/lib64/gcc/x86_64-suse-linux/4.8/../../../../x86_64-suse-linux/bin/ld: cannot find naive_integral_base.o: /usr/lib64/gcc/x86_64-suse-linux/4.8/../../../../x86_64-suse-linux/bin/ld: cannot find mpi_test1.oNo such file or directory: 
/usr/lib64/gcc/x86_64-suse-linux/4.8/../../../../x86_64-suse-linux/bin/ld: cannot find omp_integral_base.oNo such file or directory: 
/usr/lib64/gcc/x86_64-suse-linux/4.8/../../../../x86_64-suse-linux/bin/ld: cannot find No such file or directorympi_exception_test.o
: /usr/lib64/gcc/x86_64-suse-linux/4.8/../../../../x86_64-suse-linux/bin/ldNo such file or directory
/usr/lib64/gcc/x86_64-suse-linux/4.8/../../../../x86_64-suse-linux/bin/ld: cannot find omp_test1.o: : cannot find /usr/lib64/gcc/x86_64-suse-linux/4.8/../../../../x86_64-suse-linux/bin/ld../mpi_wrapper.o: cannot find : No such file or directory
../openmp_affinity_corei7.o: No such file or directory
/usr/lib64/gcc/x86_64-suse-linux/4.8/../../../../x86_64-suse-linux/bin/ld: cannot find ../mpi_exception.o: No such file or directory
/usr/lib64/gcc/x86_64-suse-linux/4.8/../../../../x86_64-suse-linux/bin/ld: cannot find ../openmp_affinity_corei7.o: No such file or directoryNo such file or directory

/usr/lib64/gcc/x86_64-suse-linux/4.8/../../../../x86_64-suse-linux/bin/ld: cannot find ../mpi_exception.o: No such file or directory
/usr/lib64/gcc/x86_64-suse-linux/4.8/../../../../x86_64-suse-linux/bin/ld: cannot find ../openmp_affinity_noomp.o: No such file or directory
/usr/lib64/gcc/x86_64-suse-linux/4.8/../../../../x86_64-suse-linux/bin/ld: cannot find ../mpi_wrapper.o: No such file or directory
/usr/lib64/gcc/x86_64-suse-linux/4.8/../../../../x86_64-suse-linux/bin/ld: cannot find ../openmp_affinity_noomp.o: No such file or directory
makefile:40: recipe for target 'naive_integral_base.exe' failed
make[1]: *** [naive_integral_base.exe] Error 1
make[1]: *** Waiting for unfinished jobs....
makefile:37: recipe for target 'omp_test1.exe' failed
make[1]: *** [omp_test1.exe] Error 1
makefile:34: recipe for target 'mpi_test1.exe' failed
make[1]: *** [mpi_test1.exe] Error 1
makefile:46: recipe for target 'mpi_exception_test.exe' failed
make[1]: *** [mpi_exception_test.exe] Error 1
makefile:43: recipe for target 'omp_integral_base.exe' failed
make[1]: *** [omp_integral_base.exe] Error 1
make[1]: Leaving directory '/scratch/snx3000/mazzolag/qsim/Intel-QS/util/tests'
makefile:18: recipe for target 'all' failed
make: *** [all] Error 2
================================
       RUNNING BENCHMARKS
================================
CONFIGURATION: N = 36, nodes = 256
slurmstepd: error: execve(): /scratch/snx3000/mazzolag/qsim/Intel-QS/./examples_giulia/dj.exe: No such file or directory
slurmstepd: error: execve(): /scratch/snx3000/mazzolag/qsim/Intel-QS/./examples_giulia/dj.exe: No such file or directory
slurmstepd: error: execve(): /scratch/snx3000/mazzolag/qsim/Intel-QS/./examples_giulia/dj.exe: No such file or directory
slurmstepd: error: execve(): /scratch/snx3000/mazzolag/qsim/Intel-QS/./examples_giulia/dj.exe: No such file or directory
slurmstepd: error: execve(): /scratch/snx3000/mazzolag/qsim/Intel-QS/./examples_giulia/dj.exe: No such file or directory
slurmstepd: error: execve(): /scratch/snx3000/mazzolag/qsim/Intel-QS/./examples_giulia/dj.exe: No such file or directory
slurmstepd: error: execve(): /scratch/snx3000/mazzolag/qsim/Intel-QS/./examples_giulia/dj.exe: No such file or directory
slurmstepd: error: execve(): /scratch/snx3000/mazzolag/qsim/Intel-QS/./examples_giulia/dj.exe: No such file or directory
slurmstepd: error: execve(): /scratch/snx3000/mazzolag/qsim/Intel-QS/./examples_giulia/dj.exe: No such file or directory
slurmstepd: error: execve(): /scratch/snx3000/mazzolag/qsim/Intel-QS/./examples_giulia/dj.exe: No such file or directory
slurmstepd: error: execve(): /scratch/snx3000/mazzolag/qsim/Intel-QS/./examples_giulia/dj.exe: No such file or directory
slurmstepd: error: execve(): /scratch/snx3000/mazzolag/qsim/Intel-QS/./examples_giulia/dj.exe: No such file or directory
slurmstepd: error: execve(): /scratch/snx3000/mazzolag/qsim/Intel-QS/./examples_giulia/dj.exe: No such file or directory
slurmstepd: error: execve(): /scratch/snx3000/mazzolag/qsim/Intel-QS/./examples_giulia/dj.exe: No such file or directory
slurmstepd: error: execve(): /scratch/snx3000/mazzolag/qsim/Intel-QS/./examples_giulia/dj.exe: No such file or directory
slurmstepd: error: execve(): /scratch/snx3000/mazzolag/qsim/Intel-QS/./examples_giulia/dj.exe: No such file or directory
slurmstepd: error: execve(): /scratch/snx3000/mazzolag/qsim/Intel-QS/./examples_giulia/dj.exe: No such file or directory
slurmstepd: error: execve(): /scratch/snx3000/mazzolag/qsim/Intel-QS/./examples_giulia/dj.exe: No such file or directory
slurmstepd: error: execve(): /scratch/snx3000/mazzolag/qsim/Intel-QS/./examples_giulia/dj.exe: No such file or directory
slurmstepd: error: execve(): /scratch/snx3000/mazzolag/qsim/Intel-QS/./examples_giulia/dj.exe: No such file or directory
slurmstepd: error: execve(): /scratch/snx3000/mazzolag/qsim/Intel-QS/./examples_giulia/dj.exe: No such file or directory
slurmstepd: error: execve(): /scratch/snx3000/mazzolag/qsim/Intel-QS/./examples_giulia/dj.exe: No such file or directory
slurmstepd: error: execve(): /scratch/snx3000/mazzolag/qsim/Intel-QS/./examples_giulia/dj.exe: No such file or directory
slurmstepd: error: execve(): /scratch/snx3000/mazzolag/qsim/Intel-QS/./examples_giulia/dj.exe: No such file or directory
slurmstepd: error: execve(): /scratch/snx3000/mazzolag/qsim/Intel-QS/./examples_giulia/dj.exe: No such file or directory
slurmstepd: error: execve(): /scratch/snx3000/mazzolag/qsim/Intel-QS/./examples_giulia/dj.exe: No such file or directory
slurmstepd: error: execve(): /scratch/snx3000/mazzolag/qsim/Intel-QS/./examples_giulia/dj.exe: No such file or directory
slurmstepd: error: execve(): /scratch/snx3000/mazzolag/qsim/Intel-QS/./examples_giulia/dj.exe: No such file or directory
slurmstepd: error: execve(): /scratch/snx3000/mazzolag/qsim/Intel-QS/./examples_giulia/dj.exe: No such file or directory
slurmstepd: error: execve(): /scratch/snx3000/mazzolag/qsim/Intel-QS/./examples_giulia/dj.exe: No such file or directory
slurmstepd: error: execve(): /scratch/snx3000/mazzolag/qsim/Intel-QS/./examples_giulia/dj.exe: No such file or directory
slurmstepd: error: execve(): /scratch/snx3000/mazzolag/qsim/Intel-QS/./examples_giulia/dj.exe: No such file or directory
slurmstepd: error: execve(): /scratch/snx3000/mazzolag/qsim/Intel-QS/./examples_giulia/dj.exe: No such file or directory
slurmstepd: error: execve(): /scratch/snx3000/mazzolag/qsim/Intel-QS/./examples_giulia/dj.exe: No such file or directory
slurmstepd: error: execve(): /scratch/snx3000/mazzolag/qsim/Intel-QS/./examples_giulia/dj.exe: No such file or directory
slurmstepd: error: execve(): /scratch/snx3000/mazzolag/qsim/Intel-QS/./examples_giulia/dj.exe: No such file or directory
slurmstepd: error: execve(): /scratch/snx3000/mazzolag/qsim/Intel-QS/./examples_giulia/dj.exe: No such file or directory
slurmstepd: error: execve(): /scratch/snx3000/mazzolag/qsim/Intel-QS/./examples_giulia/dj.exe: No such file or directory
slurmstepd: error: execve(): /scratch/snx3000/mazzolag/qsim/Intel-QS/./examples_giulia/dj.exe: No such file or directory
slurmstepd: error: execve(): /scratch/snx3000/mazzolag/qsim/Intel-QS/./examples_giulia/dj.exe: No such file or directory
slurmstepd: error: execve(): /scratch/snx3000/mazzolag/qsim/Intel-QS/./examples_giulia/dj.exe: No such file or directory
slurmstepd: error: execve(): /scratch/snx3000/mazzolag/qsim/Intel-QS/./examples_giulia/dj.exe: No such file or directory
slurmstepd: error: execve(): /scratch/snx3000/mazzolag/qsim/Intel-QS/./examples_giulia/dj.exe: No such file or directory
slurmstepd: error: execve(): /scratch/snx3000/mazzolag/qsim/Intel-QS/./examples_giulia/dj.exe: No such file or directory
slurmstepd: error: execve(): /scratch/snx3000/mazzolag/qsim/Intel-QS/./examples_giulia/dj.exe: No such file or directory
slurmstepd: error: execve(): /scratch/snx3000/mazzolag/qsim/Intel-QS/./examples_giulia/dj.exe: No such file or directory
slurmstepd: error: execve(): /scratch/snx3000/mazzolag/qsim/Intel-QS/./examples_giulia/dj.exe: No such file or directory
slurmstepd: error: execve(): /scratch/snx3000/mazzolag/qsim/Intel-QS/./examples_giulia/dj.exe: No such file or directory
slurmstepd: error: execve(): /scratch/snx3000/mazzolag/qsim/Intel-QS/./examples_giulia/dj.exe: No such file or directory
slurmstepd: error: execve(): /scratch/snx3000/mazzolag/qsim/Intel-QS/./examples_giulia/dj.exe: No such file or directory
slurmstepd: error: execve(): /scratch/snx3000/mazzolag/qsim/Intel-QS/./examples_giulia/dj.exe: No such file or directory
slurmstepd: error: execve(): /scratch/snx3000/mazzolag/qsim/Intel-QS/./examples_giulia/dj.exe: No such file or directory
slurmstepd: error: execve(): /scratch/snx3000/mazzolag/qsim/Intel-QS/./examples_giulia/dj.exe: No such file or directory
slurmstepd: error: execve(): /scratch/snx3000/mazzolag/qsim/Intel-QS/./examples_giulia/dj.exe: No such file or directory
slurmstepd: error: execve(): /scratch/snx3000/mazzolag/qsim/Intel-QS/./examples_giulia/dj.exe: No such file or directory
slurmstepd: error: execve(): /scratch/snx3000/mazzolag/qsim/Intel-QS/./examples_giulia/dj.exe: No such file or directory
slurmstepd: error: execve(): /scratch/snx3000/mazzolag/qsim/Intel-QS/./examples_giulia/dj.exe: No such file or directory
slurmstepd: error: execve(): /scratch/snx3000/mazzolag/qsim/Intel-QS/./examples_giulia/dj.exe: No such file or directory
slurmstepd: error: execve(): /scratch/snx3000/mazzolag/qsim/Intel-QS/./examples_giulia/dj.exe: No such file or directory
slurmstepd: error: execve(): /scratch/snx3000/mazzolag/qsim/Intel-QS/./examples_giulia/dj.exe: No such file or directory
slurmstepd: error: execve(): /scratch/snx3000/mazzolag/qsim/Intel-QS/./examples_giulia/dj.exe: No such file or directory
slurmstepd: error: execve(): /scratch/snx3000/mazzolag/qsim/Intel-QS/./examples_giulia/dj.exe: No such file or directory
slurmstepd: error: execve(): /scratch/snx3000/mazzolag/qsim/Intel-QS/./examples_giulia/dj.exe: No such file or directory
slurmstepd: error: execve(): /scratch/snx3000/mazzolag/qsim/Intel-QS/./examples_giulia/dj.exe: No such file or directory
slurmstepd: error: execve(): /scratch/snx3000/mazzolag/qsim/Intel-QS/./examples_giulia/dj.exe: No such file or directory
slurmstepd: error: execve(): /scratch/snx3000/mazzolag/qsim/Intel-QS/./examples_giulia/dj.exe: No such file or directory
slurmstepd: error: execve(): /scratch/snx3000/mazzolag/qsim/Intel-QS/./examples_giulia/dj.exe: No such file or directory
slurmstepd: error: execve(): /scratch/snx3000/mazzolag/qsim/Intel-QS/./examples_giulia/dj.exe: No such file or directory
slurmstepd: error: execve(): /scratch/snx3000/mazzolag/qsim/Intel-QS/./examples_giulia/dj.exe: No such file or directory
slurmstepd: error: execve(): /scratch/snx3000/mazzolag/qsim/Intel-QS/./examples_giulia/dj.exe: No such file or directory
slurmstepd: error: execve(): /scratch/snx3000/mazzolag/qsim/Intel-QS/./examples_giulia/dj.exe: No such file or directory
slurmstepd: error: execve(): /scratch/snx3000/mazzolag/qsim/Intel-QS/./examples_giulia/dj.exe: No such file or directory
slurmstepd: error: execve(): /scratch/snx3000/mazzolag/qsim/Intel-QS/./examples_giulia/dj.exe: No such file or directory
slurmstepd: error: execve(): /scratch/snx3000/mazzolag/qsim/Intel-QS/./examples_giulia/dj.exe: No such file or directory
slurmstepd: error: execve(): /scratch/snx3000/mazzolag/qsim/Intel-QS/./examples_giulia/dj.exe: No such file or directory
slurmstepd: error: execve(): /scratch/snx3000/mazzolag/qsim/Intel-QS/./examples_giulia/dj.exe: No such file or directory
slurmstepd: error: execve(): /scratch/snx3000/mazzolag/qsim/Intel-QS/./examples_giulia/dj.exe: No such file or directory
slurmstepd: error: execve(): /scratch/snx3000/mazzolag/qsim/Intel-QS/./examples_giulia/dj.exe: No such file or directory
slurmstepd: error: execve(): /scratch/snx3000/mazzolag/qsim/Intel-QS/./examples_giulia/dj.exe: No such file or directory
slurmstepd: error: execve(): /scratch/snx3000/mazzolag/qsim/Intel-QS/./examples_giulia/dj.exe: No such file or directory
slurmstepd: error: execve(): /scratch/snx3000/mazzolag/qsim/Intel-QS/./examples_giulia/dj.exe: No such file or directory
slurmstepd: error: execve(): /scratch/snx3000/mazzolag/qsim/Intel-QS/./examples_giulia/dj.exe: No such file or directory
slurmstepd: error: execve(): /scratch/snx3000/mazzolag/qsim/Intel-QS/./examples_giulia/dj.exe: No such file or directory
slurmstepd: error: execve(): /scratch/snx3000/mazzolag/qsim/Intel-QS/./examples_giulia/dj.exe: No such file or directory
slurmstepd: error: execve(): /scratch/snx3000/mazzolag/qsim/Intel-QS/./examples_giulia/dj.exe: No such file or directory
slurmstepd: error: execve(): /scratch/snx3000/mazzolag/qsim/Intel-QS/./examples_giulia/dj.exe: No such file or directory
slurmstepd: error: execve(): /scratch/snx3000/mazzolag/qsim/Intel-QS/./examples_giulia/dj.exe: No such file or directory
slurmstepd: error: execve(): /scratch/snx3000/mazzolag/qsim/Intel-QS/./examples_giulia/dj.exe: No such file or directory
slurmstepd: error: execve(): /scratch/snx3000/mazzolag/qsim/Intel-QS/./examples_giulia/dj.exe: No such file or directory
slurmstepd: error: execve(): /scratch/snx3000/mazzolag/qsim/Intel-QS/./examples_giulia/dj.exe: No such file or directory
slurmstepd: error: execve(): /scratch/snx3000/mazzolag/qsim/Intel-QS/./examples_giulia/dj.exe: No such file or directory
slurmstepd: error: execve(): /scratch/snx3000/mazzolag/qsim/Intel-QS/./examples_giulia/dj.exe: No such file or directory
slurmstepd: error: execve(): /scratch/snx3000/mazzolag/qsim/Intel-QS/./examples_giulia/dj.exe: No such file or directory
slurmstepd: error: execve(): /scratch/snx3000/mazzolag/qsim/Intel-QS/./examples_giulia/dj.exe: No such file or directory
slurmstepd: error: execve(): /scratch/snx3000/mazzolag/qsim/Intel-QS/./examples_giulia/dj.exe: No such file or directory
slurmstepd: error: execve(): /scratch/snx3000/mazzolag/qsim/Intel-QS/./examples_giulia/dj.exe: No such file or directory
slurmstepd: error: execve(): /scratch/snx3000/mazzolag/qsim/Intel-QS/./examples_giulia/dj.exe: No such file or directory
slurmstepd: error: execve(): /scratch/snx3000/mazzolag/qsim/Intel-QS/./examples_giulia/dj.exe: No such file or directory
slurmstepd: error: execve(): /scratch/snx3000/mazzolag/qsim/Intel-QS/./examples_giulia/dj.exe: No such file or directory
slurmstepd: error: execve(): /scratch/snx3000/mazzolag/qsim/Intel-QS/./examples_giulia/dj.exe: No such file or directory
slurmstepd: error: execve(): /scratch/snx3000/mazzolag/qsim/Intel-QS/./examples_giulia/dj.exe: No such file or directory
slurmstepd: error: execve(): /scratch/snx3000/mazzolag/qsim/Intel-QS/./examples_giulia/dj.exe: No such file or directory
slurmstepd: error: execve(): /scratch/snx3000/mazzolag/qsim/Intel-QS/./examples_giulia/dj.exe: No such file or directory
slurmstepd: error: execve(): /scratch/snx3000/mazzolag/qsim/Intel-QS/./examples_giulia/dj.exe: No such file or directory
slurmstepd: error: execve(): /scratch/snx3000/mazzolag/qsim/Intel-QS/./examples_giulia/dj.exe: No such file or directory
slurmstepd: error: execve(): /scratch/snx3000/mazzolag/qsim/Intel-QS/./examples_giulia/dj.exe: No such file or directory
slurmstepd: error: execve(): /scratch/snx3000/mazzolag/qsim/Intel-QS/./examples_giulia/dj.exe: No such file or directory
slurmstepd: error: execve(): /scratch/snx3000/mazzolag/qsim/Intel-QS/./examples_giulia/dj.exe: No such file or directory
slurmstepd: error: execve(): /scratch/snx3000/mazzolag/qsim/Intel-QS/./examples_giulia/dj.exe: No such file or directory
slurmstepd: error: execve(): /scratch/snx3000/mazzolag/qsim/Intel-QS/./examples_giulia/dj.exe: No such file or directory
slurmstepd: error: execve(): /scratch/snx3000/mazzolag/qsim/Intel-QS/./examples_giulia/dj.exe: No such file or directory
slurmstepd: error: execve(): /scratch/snx3000/mazzolag/qsim/Intel-QS/./examples_giulia/dj.exe: No such file or directory
slurmstepd: error: execve(): /scratch/snx3000/mazzolag/qsim/Intel-QS/./examples_giulia/dj.exe: No such file or directory
slurmstepd: error: execve(): /scratch/snx3000/mazzolag/qsim/Intel-QS/./examples_giulia/dj.exe: No such file or directory
slurmstepd: error: execve(): /scratch/snx3000/mazzolag/qsim/Intel-QS/./examples_giulia/dj.exe: No such file or directory
slurmstepd: error: execve(): /scratch/snx3000/mazzolag/qsim/Intel-QS/./examples_giulia/dj.exe: No such file or directory
slurmstepd: error: execve(): /scratch/snx3000/mazzolag/qsim/Intel-QS/./examples_giulia/dj.exe: No such file or directory
slurmstepd: error: execve(): /scratch/snx3000/mazzolag/qsim/Intel-QS/./examples_giulia/dj.exe: No such file or directory
slurmstepd: error: execve(): /scratch/snx3000/mazzolag/qsim/Intel-QS/./examples_giulia/dj.exe: No such file or directory
slurmstepd: error: execve(): /scratch/snx3000/mazzolag/qsim/Intel-QS/./examples_giulia/dj.exe: No such file or directory
slurmstepd: error: execve(): /scratch/snx3000/mazzolag/qsim/Intel-QS/./examples_giulia/dj.exe: No such file or directory
slurmstepd: error: execve(): /scratch/snx3000/mazzolag/qsim/Intel-QS/./examples_giulia/dj.exe: No such file or directory
slurmstepd: error: execve(): /scratch/snx3000/mazzolag/qsim/Intel-QS/./examples_giulia/dj.exe: No such file or directory
slurmstepd: error: execve(): /scratch/snx3000/mazzolag/qsim/Intel-QS/./examples_giulia/dj.exe: No such file or directory
slurmstepd: error: execve(): /scratch/snx3000/mazzolag/qsim/Intel-QS/./examples_giulia/dj.exe: No such file or directory
slurmstepd: error: execve(): /scratch/snx3000/mazzolag/qsim/Intel-QS/./examples_giulia/dj.exe: No such file or directory
slurmstepd: error: execve(): /scratch/snx3000/mazzolag/qsim/Intel-QS/./examples_giulia/dj.exe: No such file or directory
slurmstepd: error: execve(): /scratch/snx3000/mazzolag/qsim/Intel-QS/./examples_giulia/dj.exe: No such file or directory
slurmstepd: error: execve(): /scratch/snx3000/mazzolag/qsim/Intel-QS/./examples_giulia/dj.exe: No such file or directory
slurmstepd: error: execve(): /scratch/snx3000/mazzolag/qsim/Intel-QS/./examples_giulia/dj.exe: No such file or directory
slurmstepd: error: execve(): /scratch/snx3000/mazzolag/qsim/Intel-QS/./examples_giulia/dj.exe: No such file or directory
slurmstepd: error: execve(): /scratch/snx3000/mazzolag/qsim/Intel-QS/./examples_giulia/dj.exe: No such file or directory
slurmstepd: error: execve(): /scratch/snx3000/mazzolag/qsim/Intel-QS/./examples_giulia/dj.exe: No such file or directory
slurmstepd: error: execve(): /scratch/snx3000/mazzolag/qsim/Intel-QS/./examples_giulia/dj.exe: No such file or directory
slurmstepd: error: execve(): /scratch/snx3000/mazzolag/qsim/Intel-QS/./examples_giulia/dj.exe: No such file or directory
slurmstepd: error: execve(): /scratch/snx3000/mazzolag/qsim/Intel-QS/./examples_giulia/dj.exe: No such file or directory
slurmstepd: error: execve(): /scratch/snx3000/mazzolag/qsim/Intel-QS/./examples_giulia/dj.exe: No such file or directory
slurmstepd: error: execve(): /scratch/snx3000/mazzolag/qsim/Intel-QS/./examples_giulia/dj.exe: No such file or directory
slurmstepd: error: execve(): /scratch/snx3000/mazzolag/qsim/Intel-QS/./examples_giulia/dj.exe: No such file or directory
slurmstepd: error: execve(): /scratch/snx3000/mazzolag/qsim/Intel-QS/./examples_giulia/dj.exe: No such file or directory
slurmstepd: error: execve(): /scratch/snx3000/mazzolag/qsim/Intel-QS/./examples_giulia/dj.exe: No such file or directory
slurmstepd: error: execve(): /scratch/snx3000/mazzolag/qsim/Intel-QS/./examples_giulia/dj.exe: No such file or directory
slurmstepd: error: execve(): /scratch/snx3000/mazzolag/qsim/Intel-QS/./examples_giulia/dj.exe: No such file or directory
slurmstepd: error: execve(): /scratch/snx3000/mazzolag/qsim/Intel-QS/./examples_giulia/dj.exe: No such file or directory
slurmstepd: error: execve(): /scratch/snx3000/mazzolag/qsim/Intel-QS/./examples_giulia/dj.exe: No such file or directory
slurmstepd: error: execve(): /scratch/snx3000/mazzolag/qsim/Intel-QS/./examples_giulia/dj.exe: No such file or directory
slurmstepd: error: execve(): /scratch/snx3000/mazzolag/qsim/Intel-QS/./examples_giulia/dj.exe: No such file or directory
slurmstepd: error: execve(): /scratch/snx3000/mazzolag/qsim/Intel-QS/./examples_giulia/dj.exe: No such file or directory
slurmstepd: error: execve(): /scratch/snx3000/mazzolag/qsim/Intel-QS/./examples_giulia/dj.exe: No such file or directory
slurmstepd: error: execve(): /scratch/snx3000/mazzolag/qsim/Intel-QS/./examples_giulia/dj.exe: No such file or directory
slurmstepd: error: execve(): /scratch/snx3000/mazzolag/qsim/Intel-QS/./examples_giulia/dj.exe: No such file or directory
slurmstepd: error: execve(): /scratch/snx3000/mazzolag/qsim/Intel-QS/./examples_giulia/dj.exe: No such file or directory
slurmstepd: error: execve(): /scratch/snx3000/mazzolag/qsim/Intel-QS/./examples_giulia/dj.exe: No such file or directory
slurmstepd: error: execve(): /scratch/snx3000/mazzolag/qsim/Intel-QS/./examples_giulia/dj.exe: No such file or directory
slurmstepd: error: execve(): /scratch/snx3000/mazzolag/qsim/Intel-QS/./examples_giulia/dj.exe: No such file or directory
slurmstepd: error: execve(): /scratch/snx3000/mazzolag/qsim/Intel-QS/./examples_giulia/dj.exe: No such file or directory
slurmstepd: error: execve(): /scratch/snx3000/mazzolag/qsim/Intel-QS/./examples_giulia/dj.exe: No such file or directory
slurmstepd: error: execve(): /scratch/snx3000/mazzolag/qsim/Intel-QS/./examples_giulia/dj.exe: No such file or directory
slurmstepd: error: execve(): /scratch/snx3000/mazzolag/qsim/Intel-QS/./examples_giulia/dj.exe: No such file or directory
slurmstepd: error: execve(): /scratch/snx3000/mazzolag/qsim/Intel-QS/./examples_giulia/dj.exe: No such file or directory
slurmstepd: error: execve(): /scratch/snx3000/mazzolag/qsim/Intel-QS/./examples_giulia/dj.exe: No such file or directory
slurmstepd: error: execve(): /scratch/snx3000/mazzolag/qsim/Intel-QS/./examples_giulia/dj.exe: No such file or directory
slurmstepd: error: execve(): /scratch/snx3000/mazzolag/qsim/Intel-QS/./examples_giulia/dj.exe: No such file or directory
slurmstepd: error: execve(): /scratch/snx3000/mazzolag/qsim/Intel-QS/./examples_giulia/dj.exe: No such file or directory
slurmstepd: error: execve(): /scratch/snx3000/mazzolag/qsim/Intel-QS/./examples_giulia/dj.exe: No such file or directory
slurmstepd: error: execve(): /scratch/snx3000/mazzolag/qsim/Intel-QS/./examples_giulia/dj.exe: No such file or directory
slurmstepd: error: execve(): /scratch/snx3000/mazzolag/qsim/Intel-QS/./examples_giulia/dj.exe: No such file or directory
slurmstepd: error: execve(): /scratch/snx3000/mazzolag/qsim/Intel-QS/./examples_giulia/dj.exe: No such file or directory
slurmstepd: error: execve(): /scratch/snx3000/mazzolag/qsim/Intel-QS/./examples_giulia/dj.exe: No such file or directory
slurmstepd: error: execve(): /scratch/snx3000/mazzolag/qsim/Intel-QS/./examples_giulia/dj.exe: No such file or directory
slurmstepd: error: execve(): /scratch/snx3000/mazzolag/qsim/Intel-QS/./examples_giulia/dj.exe: No such file or directory
slurmstepd: error: execve(): /scratch/snx3000/mazzolag/qsim/Intel-QS/./examples_giulia/dj.exe: No such file or directory
slurmstepd: error: execve(): /scratch/snx3000/mazzolag/qsim/Intel-QS/./examples_giulia/dj.exe: No such file or directory
slurmstepd: error: execve(): /scratch/snx3000/mazzolag/qsim/Intel-QS/./examples_giulia/dj.exe: No such file or directory
slurmstepd: error: execve(): /scratch/snx3000/mazzolag/qsim/Intel-QS/./examples_giulia/dj.exe: No such file or directory
slurmstepd: error: execve(): /scratch/snx3000/mazzolag/qsim/Intel-QS/./examples_giulia/dj.exe: No such file or directory
slurmstepd: error: execve(): /scratch/snx3000/mazzolag/qsim/Intel-QS/./examples_giulia/dj.exe: No such file or directory
slurmstepd: error: execve(): /scratch/snx3000/mazzolag/qsim/Intel-QS/./examples_giulia/dj.exe: No such file or directory
slurmstepd: error: execve(): /scratch/snx3000/mazzolag/qsim/Intel-QS/./examples_giulia/dj.exe: No such file or directory
slurmstepd: error: execve(): /scratch/snx3000/mazzolag/qsim/Intel-QS/./examples_giulia/dj.exe: No such file or directory
slurmstepd: error: execve(): /scratch/snx3000/mazzolag/qsim/Intel-QS/./examples_giulia/dj.exe: No such file or directory
slurmstepd: error: execve(): /scratch/snx3000/mazzolag/qsim/Intel-QS/./examples_giulia/dj.exe: No such file or directory
slurmstepd: error: execve(): /scratch/snx3000/mazzolag/qsim/Intel-QS/./examples_giulia/dj.exe: No such file or directory
slurmstepd: error: execve(): /scratch/snx3000/mazzolag/qsim/Intel-QS/./examples_giulia/dj.exe: No such file or directory
slurmstepd: error: execve(): /scratch/snx3000/mazzolag/qsim/Intel-QS/./examples_giulia/dj.exe: No such file or directory
slurmstepd: error: execve(): /scratch/snx3000/mazzolag/qsim/Intel-QS/./examples_giulia/dj.exe: No such file or directory
slurmstepd: error: execve(): /scratch/snx3000/mazzolag/qsim/Intel-QS/./examples_giulia/dj.exe: No such file or directory
slurmstepd: error: execve(): /scratch/snx3000/mazzolag/qsim/Intel-QS/./examples_giulia/dj.exe: No such file or directory
slurmstepd: error: execve(): /scratch/snx3000/mazzolag/qsim/Intel-QS/./examples_giulia/dj.exe: No such file or directory
slurmstepd: error: execve(): /scratch/snx3000/mazzolag/qsim/Intel-QS/./examples_giulia/dj.exe: No such file or directory
slurmstepd: error: execve(): /scratch/snx3000/mazzolag/qsim/Intel-QS/./examples_giulia/dj.exe: No such file or directory
slurmstepd: error: execve(): /scratch/snx3000/mazzolag/qsim/Intel-QS/./examples_giulia/dj.exe: No such file or directory
slurmstepd: error: execve(): /scratch/snx3000/mazzolag/qsim/Intel-QS/./examples_giulia/dj.exe: No such file or directory
slurmstepd: error: execve(): /scratch/snx3000/mazzolag/qsim/Intel-QS/./examples_giulia/dj.exe: No such file or directory
slurmstepd: error: execve(): /scratch/snx3000/mazzolag/qsim/Intel-QS/./examples_giulia/dj.exe: No such file or directory
slurmstepd: error: execve(): /scratch/snx3000/mazzolag/qsim/Intel-QS/./examples_giulia/dj.exe: No such file or directory
slurmstepd: error: execve(): /scratch/snx3000/mazzolag/qsim/Intel-QS/./examples_giulia/dj.exe: No such file or directory
slurmstepd: error: execve(): /scratch/snx3000/mazzolag/qsim/Intel-QS/./examples_giulia/dj.exe: No such file or directory
slurmstepd: error: execve(): /scratch/snx3000/mazzolag/qsim/Intel-QS/./examples_giulia/dj.exe: No such file or directory
slurmstepd: error: execve(): /scratch/snx3000/mazzolag/qsim/Intel-QS/./examples_giulia/dj.exe: No such file or directory
slurmstepd: error: execve(): /scratch/snx3000/mazzolag/qsim/Intel-QS/./examples_giulia/dj.exe: No such file or directory
slurmstepd: error: execve(): /scratch/snx3000/mazzolag/qsim/Intel-QS/./examples_giulia/dj.exe: No such file or directory
slurmstepd: error: execve(): /scratch/snx3000/mazzolag/qsim/Intel-QS/./examples_giulia/dj.exe: No such file or directory
slurmstepd: error: execve(): /scratch/snx3000/mazzolag/qsim/Intel-QS/./examples_giulia/dj.exe: No such file or directory
slurmstepd: error: execve(): /scratch/snx3000/mazzolag/qsim/Intel-QS/./examples_giulia/dj.exe: No such file or directory
slurmstepd: error: execve(): /scratch/snx3000/mazzolag/qsim/Intel-QS/./examples_giulia/dj.exe: No such file or directory
slurmstepd: error: execve(): /scratch/snx3000/mazzolag/qsim/Intel-QS/./examples_giulia/dj.exe: No such file or directory
slurmstepd: error: execve(): /scratch/snx3000/mazzolag/qsim/Intel-QS/./examples_giulia/dj.exe: No such file or directory
slurmstepd: error: execve(): /scratch/snx3000/mazzolag/qsim/Intel-QS/./examples_giulia/dj.exe: No such file or directory
slurmstepd: error: execve(): /scratch/snx3000/mazzolag/qsim/Intel-QS/./examples_giulia/dj.exe: No such file or directory
slurmstepd: error: execve(): /scratch/snx3000/mazzolag/qsim/Intel-QS/./examples_giulia/dj.exe: No such file or directory
slurmstepd: error: execve(): /scratch/snx3000/mazzolag/qsim/Intel-QS/./examples_giulia/dj.exe: No such file or directory
slurmstepd: error: execve(): /scratch/snx3000/mazzolag/qsim/Intel-QS/./examples_giulia/dj.exe: No such file or directory
slurmstepd: error: execve(): /scratch/snx3000/mazzolag/qsim/Intel-QS/./examples_giulia/dj.exe: No such file or directory
slurmstepd: error: execve(): /scratch/snx3000/mazzolag/qsim/Intel-QS/./examples_giulia/dj.exe: No such file or directory
slurmstepd: error: execve(): /scratch/snx3000/mazzolag/qsim/Intel-QS/./examples_giulia/dj.exe: No such file or directory
slurmstepd: error: execve(): /scratch/snx3000/mazzolag/qsim/Intel-QS/./examples_giulia/dj.exe: No such file or directory
slurmstepd: error: execve(): /scratch/snx3000/mazzolag/qsim/Intel-QS/./examples_giulia/dj.exe: No such file or directory
slurmstepd: error: execve(): /scratch/snx3000/mazzolag/qsim/Intel-QS/./examples_giulia/dj.exe: No such file or directory
slurmstepd: error: execve(): /scratch/snx3000/mazzolag/qsim/Intel-QS/./examples_giulia/dj.exe: No such file or directory
slurmstepd: error: execve(): /scratch/snx3000/mazzolag/qsim/Intel-QS/./examples_giulia/dj.exe: No such file or directory
slurmstepd: error: execve(): /scratch/snx3000/mazzolag/qsim/Intel-QS/./examples_giulia/dj.exe: No such file or directory
slurmstepd: error: execve(): /scratch/snx3000/mazzolag/qsim/Intel-QS/./examples_giulia/dj.exe: No such file or directory
slurmstepd: error: execve(): /scratch/snx3000/mazzolag/qsim/Intel-QS/./examples_giulia/dj.exe: No such file or directory
slurmstepd: error: execve(): /scratch/snx3000/mazzolag/qsim/Intel-QS/./examples_giulia/dj.exe: No such file or directory
slurmstepd: error: execve(): /scratch/snx3000/mazzolag/qsim/Intel-QS/./examples_giulia/dj.exe: No such file or directory
slurmstepd: error: execve(): /scratch/snx3000/mazzolag/qsim/Intel-QS/./examples_giulia/dj.exe: No such file or directory
slurmstepd: error: execve(): /scratch/snx3000/mazzolag/qsim/Intel-QS/./examples_giulia/dj.exe: No such file or directory
slurmstepd: error: execve(): /scratch/snx3000/mazzolag/qsim/Intel-QS/./examples_giulia/dj.exe: No such file or directory
slurmstepd: error: execve(): /scratch/snx3000/mazzolag/qsim/Intel-QS/./examples_giulia/dj.exe: No such file or directory
slurmstepd: error: execve(): /scratch/snx3000/mazzolag/qsim/Intel-QS/./examples_giulia/dj.exe: No such file or directory
slurmstepd: error: execve(): /scratch/snx3000/mazzolag/qsim/Intel-QS/./examples_giulia/dj.exe: No such file or directory
slurmstepd: error: execve(): /scratch/snx3000/mazzolag/qsim/Intel-QS/./examples_giulia/dj.exe: No such file or directory
slurmstepd: error: execve(): /scratch/snx3000/mazzolag/qsim/Intel-QS/./examples_giulia/dj.exe: No such file or directory
slurmstepd: error: execve(): /scratch/snx3000/mazzolag/qsim/Intel-QS/./examples_giulia/dj.exe: No such file or directory
slurmstepd: error: execve(): /scratch/snx3000/mazzolag/qsim/Intel-QS/./examples_giulia/dj.exe: No such file or directory
slurmstepd: error: execve(): /scratch/snx3000/mazzolag/qsim/Intel-QS/./examples_giulia/dj.exe: No such file or directory
slurmstepd: error: execve(): /scratch/snx3000/mazzolag/qsim/Intel-QS/./examples_giulia/dj.exe: No such file or directory
slurmstepd: error: execve(): /scratch/snx3000/mazzolag/qsim/Intel-QS/./examples_giulia/dj.exe: No such file or directory
slurmstepd: error: execve(): /scratch/snx3000/mazzolag/qsim/Intel-QS/./examples_giulia/dj.exe: No such file or directory
slurmstepd: error: execve(): /scratch/snx3000/mazzolag/qsim/Intel-QS/./examples_giulia/dj.exe: No such file or directory
slurmstepd: error: execve(): /scratch/snx3000/mazzolag/qsim/Intel-QS/./examples_giulia/dj.exe: No such file or directory
slurmstepd: error: execve(): /scratch/snx3000/mazzolag/qsim/Intel-QS/./examples_giulia/dj.exe: No such file or directory
slurmstepd: error: execve(): /scratch/snx3000/mazzolag/qsim/Intel-QS/./examples_giulia/dj.exe: No such file or directory
slurmstepd: error: execve(): /scratch/snx3000/mazzolag/qsim/Intel-QS/./examples_giulia/dj.exe: No such file or directory
slurmstepd: error: execve(): /scratch/snx3000/mazzolag/qsim/Intel-QS/./examples_giulia/dj.exe: No such file or directory
slurmstepd: error: execve(): /scratch/snx3000/mazzolag/qsim/Intel-QS/./examples_giulia/dj.exe: No such file or directory
slurmstepd: error: execve(): /scratch/snx3000/mazzolag/qsim/Intel-QS/./examples_giulia/dj.exe: No such file or directory
slurmstepd: error: execve(): /scratch/snx3000/mazzolag/qsim/Intel-QS/./examples_giulia/dj.exe: No such file or directory
slurmstepd: error: execve(): /scratch/snx3000/mazzolag/qsim/Intel-QS/./examples_giulia/dj.exe: No such file or directory
slurmstepd: error: execve(): /scratch/snx3000/mazzolag/qsim/Intel-QS/./examples_giulia/dj.exe: No such file or directory
slurmstepd: error: execve(): /scratch/snx3000/mazzolag/qsim/Intel-QS/./examples_giulia/dj.exe: No such file or directory
slurmstepd: error: execve(): /scratch/snx3000/mazzolag/qsim/Intel-QS/./examples_giulia/dj.exe: No such file or directory
slurmstepd: error: execve(): /scratch/snx3000/mazzolag/qsim/Intel-QS/./examples_giulia/dj.exe: No such file or directory
slurmstepd: error: execve(): /scratch/snx3000/mazzolag/qsim/Intel-QS/./examples_giulia/dj.exe: No such file or directory
slurmstepd: error: execve(): /scratch/snx3000/mazzolag/qsim/Intel-QS/./examples_giulia/dj.exe: No such file or directory
slurmstepd: error: execve(): /scratch/snx3000/mazzolag/qsim/Intel-QS/./examples_giulia/dj.exe: No such file or directory
slurmstepd: error: execve(): /scratch/snx3000/mazzolag/qsim/Intel-QS/./examples_giulia/dj.exe: No such file or directory
slurmstepd: error: execve(): /scratch/snx3000/mazzolag/qsim/Intel-QS/./examples_giulia/dj.exe: No such file or directory
slurmstepd: error: execve(): /scratch/snx3000/mazzolag/qsim/Intel-QS/./examples_giulia/dj.exe: No such file or directory
slurmstepd: error: execve(): /scratch/snx3000/mazzolag/qsim/Intel-QS/./examples_giulia/dj.exe: No such file or directory
slurmstepd: error: execve(): /scratch/snx3000/mazzolag/qsim/Intel-QS/./examples_giulia/dj.exe: No such file or directory
slurmstepd: error: execve(): /scratch/snx3000/mazzolag/qsim/Intel-QS/./examples_giulia/dj.exe: No such file or directory
slurmstepd: error: execve(): /scratch/snx3000/mazzolag/qsim/Intel-QS/./examples_giulia/dj.exe: No such file or directory
slurmstepd: error: execve(): /scratch/snx3000/mazzolag/qsim/Intel-QS/./examples_giulia/dj.exe: No such file or directory
slurmstepd: error: execve(): /scratch/snx3000/mazzolag/qsim/Intel-QS/./examples_giulia/dj.exe: No such file or directory
slurmstepd: error: execve(): /scratch/snx3000/mazzolag/qsim/Intel-QS/./examples_giulia/dj.exe: No such file or directory
slurmstepd: error: execve(): /scratch/snx3000/mazzolag/qsim/Intel-QS/./examples_giulia/dj.exe: No such file or directory
slurmstepd: error: execve(): /scratch/snx3000/mazzolag/qsim/Intel-QS/./examples_giulia/dj.exe: No such file or directory
slurmstepd: error: execve(): /scratch/snx3000/mazzolag/qsim/Intel-QS/./examples_giulia/dj.exe: No such file or directory
slurmstepd: error: execve(): /scratch/snx3000/mazzolag/qsim/Intel-QS/./examples_giulia/dj.exe: No such file or directory
slurmstepd: error: execve(): /scratch/snx3000/mazzolag/qsim/Intel-QS/./examples_giulia/dj.exe: No such file or directory
slurmstepd: error: execve(): /scratch/snx3000/mazzolag/qsim/Intel-QS/./examples_giulia/dj.exe: No such file or directory
slurmstepd: error: execve(): /scratch/snx3000/mazzolag/qsim/Intel-QS/./examples_giulia/dj.exe: No such file or directory
slurmstepd: error: execve(): /scratch/snx3000/mazzolag/qsim/Intel-QS/./examples_giulia/dj.exe: No such file or directory
slurmstepd: error: execve(): /scratch/snx3000/mazzolag/qsim/Intel-QS/./examples_giulia/dj.exe: No such file or directory
slurmstepd: error: execve(): /scratch/snx3000/mazzolag/qsim/Intel-QS/./examples_giulia/dj.exe: No such file or directory
slurmstepd: error: execve(): /scratch/snx3000/mazzolag/qsim/Intel-QS/./examples_giulia/dj.exe: No such file or directory
slurmstepd: error: execve(): /scratch/snx3000/mazzolag/qsim/Intel-QS/./examples_giulia/dj.exe: No such file or directory
slurmstepd: error: execve(): /scratch/snx3000/mazzolag/qsim/Intel-QS/./examples_giulia/dj.exe: No such file or directory
slurmstepd: error: execve(): /scratch/snx3000/mazzolag/qsim/Intel-QS/./examples_giulia/dj.exe: No such file or directory
slurmstepd: error: execve(): /scratch/snx3000/mazzolag/qsim/Intel-QS/./examples_giulia/dj.exe: No such file or directory
slurmstepd: error: execve(): /scratch/snx3000/mazzolag/qsim/Intel-QS/./examples_giulia/dj.exe: No such file or directory
slurmstepd: error: execve(): /scratch/snx3000/mazzolag/qsim/Intel-QS/./examples_giulia/dj.exe: No such file or directory
slurmstepd: error: execve(): /scratch/snx3000/mazzolag/qsim/Intel-QS/./examples_giulia/dj.exe: No such file or directory
slurmstepd: error: execve(): /scratch/snx3000/mazzolag/qsim/Intel-QS/./examples_giulia/dj.exe: No such file or directory
slurmstepd: error: execve(): /scratch/snx3000/mazzolag/qsim/Intel-QS/./examples_giulia/dj.exe: No such file or directory
slurmstepd: error: execve(): /scratch/snx3000/mazzolag/qsim/Intel-QS/./examples_giulia/dj.exe: No such file or directory
slurmstepd: error: execve(): /scratch/snx3000/mazzolag/qsim/Intel-QS/./examples_giulia/dj.exe: No such file or directory
slurmstepd: error: execve(): /scratch/snx3000/mazzolag/qsim/Intel-QS/./examples_giulia/dj.exe: No such file or directory
slurmstepd: error: execve(): /scratch/snx3000/mazzolag/qsim/Intel-QS/./examples_giulia/dj.exe: No such file or directory
slurmstepd: error: execve(): /scratch/snx3000/mazzolag/qsim/Intel-QS/./examples_giulia/dj.exe: No such file or directory
slurmstepd: error: execve(): /scratch/snx3000/mazzolag/qsim/Intel-QS/./examples_giulia/dj.exe: No such file or directory
slurmstepd: error: execve(): /scratch/snx3000/mazzolag/qsim/Intel-QS/./examples_giulia/dj.exe: No such file or directory
slurmstepd: error: execve(): /scratch/snx3000/mazzolag/qsim/Intel-QS/./examples_giulia/dj.exe: No such file or directory
slurmstepd: error: execve(): /scratch/snx3000/mazzolag/qsim/Intel-QS/./examples_giulia/dj.exe: No such file or directory
slurmstepd: error: execve(): /scratch/snx3000/mazzolag/qsim/Intel-QS/./examples_giulia/dj.exe: No such file or directory
slurmstepd: error: execve(): /scratch/snx3000/mazzolag/qsim/Intel-QS/./examples_giulia/dj.exe: No such file or directory
slurmstepd: error: execve(): /scratch/snx3000/mazzolag/qsim/Intel-QS/./examples_giulia/dj.exe: No such file or directory
slurmstepd: error: execve(): /scratch/snx3000/mazzolag/qsim/Intel-QS/./examples_giulia/dj.exe: No such file or directory
slurmstepd: error: execve(): /scratch/snx3000/mazzolag/qsim/Intel-QS/./examples_giulia/dj.exe: No such file or directory
slurmstepd: error: execve(): /scratch/snx3000/mazzolag/qsim/Intel-QS/./examples_giulia/dj.exe: No such file or directory
slurmstepd: error: execve(): /scratch/snx3000/mazzolag/qsim/Intel-QS/./examples_giulia/dj.exe: No such file or directory
slurmstepd: error: execve(): /scratch/snx3000/mazzolag/qsim/Intel-QS/./examples_giulia/dj.exe: No such file or directory
slurmstepd: error: execve(): /scratch/snx3000/mazzolag/qsim/Intel-QS/./examples_giulia/dj.exe: No such file or directory
slurmstepd: error: execve(): /scratch/snx3000/mazzolag/qsim/Intel-QS/./examples_giulia/dj.exe: No such file or directory
slurmstepd: error: execve(): /scratch/snx3000/mazzolag/qsim/Intel-QS/./examples_giulia/dj.exe: No such file or directory
slurmstepd: error: execve(): /scratch/snx3000/mazzolag/qsim/Intel-QS/./examples_giulia/dj.exe: No such file or directory
slurmstepd: error: execve(): /scratch/snx3000/mazzolag/qsim/Intel-QS/./examples_giulia/dj.exe: No such file or directory
slurmstepd: error: execve(): /scratch/snx3000/mazzolag/qsim/Intel-QS/./examples_giulia/dj.exe: No such file or directory
slurmstepd: error: execve(): /scratch/snx3000/mazzolag/qsim/Intel-QS/./examples_giulia/dj.exe: No such file or directory
slurmstepd: error: execve(): /scratch/snx3000/mazzolag/qsim/Intel-QS/./examples_giulia/dj.exe: No such file or directory
slurmstepd: error: execve(): /scratch/snx3000/mazzolag/qsim/Intel-QS/./examples_giulia/dj.exe: No such file or directory
slurmstepd: error: execve(): /scratch/snx3000/mazzolag/qsim/Intel-QS/./examples_giulia/dj.exe: No such file or directory
slurmstepd: error: execve(): /scratch/snx3000/mazzolag/qsim/Intel-QS/./examples_giulia/dj.exe: No such file or directory
slurmstepd: error: execve(): /scratch/snx3000/mazzolag/qsim/Intel-QS/./examples_giulia/dj.exe: No such file or directory
slurmstepd: error: execve(): /scratch/snx3000/mazzolag/qsim/Intel-QS/./examples_giulia/dj.exe: No such file or directory
slurmstepd: error: execve(): /scratch/snx3000/mazzolag/qsim/Intel-QS/./examples_giulia/dj.exe: No such file or directory
slurmstepd: error: execve(): /scratch/snx3000/mazzolag/qsim/Intel-QS/./examples_giulia/dj.exe: No such file or directory
slurmstepd: error: execve(): /scratch/snx3000/mazzolag/qsim/Intel-QS/./examples_giulia/dj.exe: No such file or directory
slurmstepd: error: execve(): /scratch/snx3000/mazzolag/qsim/Intel-QS/./examples_giulia/dj.exe: No such file or directory
slurmstepd: error: execve(): /scratch/snx3000/mazzolag/qsim/Intel-QS/./examples_giulia/dj.exe: No such file or directory
slurmstepd: error: execve(): /scratch/snx3000/mazzolag/qsim/Intel-QS/./examples_giulia/dj.exe: No such file or directory
slurmstepd: error: execve(): /scratch/snx3000/mazzolag/qsim/Intel-QS/./examples_giulia/dj.exe: No such file or directory
slurmstepd: error: execve(): /scratch/snx3000/mazzolag/qsim/Intel-QS/./examples_giulia/dj.exe: No such file or directory
slurmstepd: error: execve(): /scratch/snx3000/mazzolag/qsim/Intel-QS/./examples_giulia/dj.exe: No such file or directory
slurmstepd: error: execve(): /scratch/snx3000/mazzolag/qsim/Intel-QS/./examples_giulia/dj.exe: No such file or directory
slurmstepd: error: execve(): /scratch/snx3000/mazzolag/qsim/Intel-QS/./examples_giulia/dj.exe: No such file or directory
slurmstepd: error: execve(): /scratch/snx3000/mazzolag/qsim/Intel-QS/./examples_giulia/dj.exe: No such file or directory
slurmstepd: error: execve(): /scratch/snx3000/mazzolag/qsim/Intel-QS/./examples_giulia/dj.exe: No such file or directory
slurmstepd: error: execve(): /scratch/snx3000/mazzolag/qsim/Intel-QS/./examples_giulia/dj.exe: No such file or directory
slurmstepd: error: execve(): /scratch/snx3000/mazzolag/qsim/Intel-QS/./examples_giulia/dj.exe: No such file or directory
slurmstepd: error: execve(): /scratch/snx3000/mazzolag/qsim/Intel-QS/./examples_giulia/dj.exe: No such file or directory
slurmstepd: error: execve(): /scratch/snx3000/mazzolag/qsim/Intel-QS/./examples_giulia/dj.exe: No such file or directory
slurmstepd: error: execve(): /scratch/snx3000/mazzolag/qsim/Intel-QS/./examples_giulia/dj.exe: No such file or directory
slurmstepd: error: execve(): /scratch/snx3000/mazzolag/qsim/Intel-QS/./examples_giulia/dj.exe: No such file or directory
slurmstepd: error: execve(): /scratch/snx3000/mazzolag/qsim/Intel-QS/./examples_giulia/dj.exe: No such file or directory
slurmstepd: error: execve(): /scratch/snx3000/mazzolag/qsim/Intel-QS/./examples_giulia/dj.exe: No such file or directory
slurmstepd: error: execve(): /scratch/snx3000/mazzolag/qsim/Intel-QS/./examples_giulia/dj.exe: No such file or directory
slurmstepd: error: execve(): /scratch/snx3000/mazzolag/qsim/Intel-QS/./examples_giulia/dj.exe: No such file or directory
slurmstepd: error: execve(): /scratch/snx3000/mazzolag/qsim/Intel-QS/./examples_giulia/dj.exe: No such file or directory
slurmstepd: error: execve(): /scratch/snx3000/mazzolag/qsim/Intel-QS/./examples_giulia/dj.exe: No such file or directory
slurmstepd: error: execve(): /scratch/snx3000/mazzolag/qsim/Intel-QS/./examples_giulia/dj.exe: No such file or directory
slurmstepd: error: execve(): /scratch/snx3000/mazzolag/qsim/Intel-QS/./examples_giulia/dj.exe: No such file or directory
slurmstepd: error: execve(): /scratch/snx3000/mazzolag/qsim/Intel-QS/./examples_giulia/dj.exe: No such file or directory
slurmstepd: error: execve(): /scratch/snx3000/mazzolag/qsim/Intel-QS/./examples_giulia/dj.exe: No such file or directory
slurmstepd: error: execve(): /scratch/snx3000/mazzolag/qsim/Intel-QS/./examples_giulia/dj.exe: No such file or directory
slurmstepd: error: execve(): /scratch/snx3000/mazzolag/qsim/Intel-QS/./examples_giulia/dj.exe: No such file or directory
slurmstepd: error: execve(): /scratch/snx3000/mazzolag/qsim/Intel-QS/./examples_giulia/dj.exe: No such file or directory
slurmstepd: error: execve(): /scratch/snx3000/mazzolag/qsim/Intel-QS/./examples_giulia/dj.exe: No such file or directory
slurmstepd: error: execve(): /scratch/snx3000/mazzolag/qsim/Intel-QS/./examples_giulia/dj.exe: No such file or directory
slurmstepd: error: execve(): /scratch/snx3000/mazzolag/qsim/Intel-QS/./examples_giulia/dj.exe: No such file or directory
slurmstepd: error: execve(): /scratch/snx3000/mazzolag/qsim/Intel-QS/./examples_giulia/dj.exe: No such file or directory
slurmstepd: error: execve(): /scratch/snx3000/mazzolag/qsim/Intel-QS/./examples_giulia/dj.exe: No such file or directory
slurmstepd: error: execve(): /scratch/snx3000/mazzolag/qsim/Intel-QS/./examples_giulia/dj.exe: No such file or directory
slurmstepd: error: execve(): /scratch/snx3000/mazzolag/qsim/Intel-QS/./examples_giulia/dj.exe: No such file or directory
slurmstepd: error: execve(): /scratch/snx3000/mazzolag/qsim/Intel-QS/./examples_giulia/dj.exe: No such file or directory
slurmstepd: error: execve(): /scratch/snx3000/mazzolag/qsim/Intel-QS/./examples_giulia/dj.exe: No such file or directory
slurmstepd: error: execve(): /scratch/snx3000/mazzolag/qsim/Intel-QS/./examples_giulia/dj.exe: No such file or directory
slurmstepd: error: execve(): /scratch/snx3000/mazzolag/qsim/Intel-QS/./examples_giulia/dj.exe: No such file or directory
slurmstepd: error: execve(): /scratch/snx3000/mazzolag/qsim/Intel-QS/./examples_giulia/dj.exe: No such file or directory
slurmstepd: error: execve(): /scratch/snx3000/mazzolag/qsim/Intel-QS/./examples_giulia/dj.exe: No such file or directory
slurmstepd: error: execve(): /scratch/snx3000/mazzolag/qsim/Intel-QS/./examples_giulia/dj.exe: No such file or directory
slurmstepd: error: execve(): /scratch/snx3000/mazzolag/qsim/Intel-QS/./examples_giulia/dj.exe: No such file or directory
slurmstepd: error: execve(): /scratch/snx3000/mazzolag/qsim/Intel-QS/./examples_giulia/dj.exe: No such file or directory
slurmstepd: error: execve(): /scratch/snx3000/mazzolag/qsim/Intel-QS/./examples_giulia/dj.exe: No such file or directory
slurmstepd: error: execve(): /scratch/snx3000/mazzolag/qsim/Intel-QS/./examples_giulia/dj.exe: No such file or directory
slurmstepd: error: execve(): /scratch/snx3000/mazzolag/qsim/Intel-QS/./examples_giulia/dj.exe: No such file or directory
slurmstepd: error: execve(): /scratch/snx3000/mazzolag/qsim/Intel-QS/./examples_giulia/dj.exe: No such file or directory
slurmstepd: error: execve(): /scratch/snx3000/mazzolag/qsim/Intel-QS/./examples_giulia/dj.exe: No such file or directory
slurmstepd: error: execve(): /scratch/snx3000/mazzolag/qsim/Intel-QS/./examples_giulia/dj.exe: No such file or directory
slurmstepd: error: execve(): /scratch/snx3000/mazzolag/qsim/Intel-QS/./examples_giulia/dj.exe: No such file or directory
slurmstepd: error: execve(): /scratch/snx3000/mazzolag/qsim/Intel-QS/./examples_giulia/dj.exe: No such file or directory
slurmstepd: error: execve(): /scratch/snx3000/mazzolag/qsim/Intel-QS/./examples_giulia/dj.exe: No such file or directory
slurmstepd: error: execve(): /scratch/snx3000/mazzolag/qsim/Intel-QS/./examples_giulia/dj.exe: No such file or directory
slurmstepd: error: execve(): /scratch/snx3000/mazzolag/qsim/Intel-QS/./examples_giulia/dj.exe: No such file or directory
slurmstepd: error: execve(): /scratch/snx3000/mazzolag/qsim/Intel-QS/./examples_giulia/dj.exe: No such file or directory
slurmstepd: error: execve(): /scratch/snx3000/mazzolag/qsim/Intel-QS/./examples_giulia/dj.exe: No such file or directory
slurmstepd: error: execve(): /scratch/snx3000/mazzolag/qsim/Intel-QS/./examples_giulia/dj.exe: No such file or directory
slurmstepd: error: execve(): /scratch/snx3000/mazzolag/qsim/Intel-QS/./examples_giulia/dj.exe: No such file or directory
slurmstepd: error: execve(): /scratch/snx3000/mazzolag/qsim/Intel-QS/./examples_giulia/dj.exe: No such file or directory
slurmstepd: error: execve(): /scratch/snx3000/mazzolag/qsim/Intel-QS/./examples_giulia/dj.exe: No such file or directory
slurmstepd: error: execve(): /scratch/snx3000/mazzolag/qsim/Intel-QS/./examples_giulia/dj.exe: No such file or directory
slurmstepd: error: execve(): /scratch/snx3000/mazzolag/qsim/Intel-QS/./examples_giulia/dj.exe: No such file or directory
slurmstepd: error: execve(): /scratch/snx3000/mazzolag/qsim/Intel-QS/./examples_giulia/dj.exe: No such file or directory
slurmstepd: error: execve(): /scratch/snx3000/mazzolag/qsim/Intel-QS/./examples_giulia/dj.exe: No such file or directory
slurmstepd: error: execve(): /scratch/snx3000/mazzolag/qsim/Intel-QS/./examples_giulia/dj.exe: No such file or directory
slurmstepd: error: execve(): /scratch/snx3000/mazzolag/qsim/Intel-QS/./examples_giulia/dj.exe: No such file or directory
slurmstepd: error: execve(): /scratch/snx3000/mazzolag/qsim/Intel-QS/./examples_giulia/dj.exe: No such file or directory
slurmstepd: error: execve(): /scratch/snx3000/mazzolag/qsim/Intel-QS/./examples_giulia/dj.exe: No such file or directory
slurmstepd: error: execve(): /scratch/snx3000/mazzolag/qsim/Intel-QS/./examples_giulia/dj.exe: No such file or directory
slurmstepd: error: execve(): /scratch/snx3000/mazzolag/qsim/Intel-QS/./examples_giulia/dj.exe: No such file or directory
slurmstepd: error: execve(): /scratch/snx3000/mazzolag/qsim/Intel-QS/./examples_giulia/dj.exe: No such file or directory
slurmstepd: error: execve(): /scratch/snx3000/mazzolag/qsim/Intel-QS/./examples_giulia/dj.exe: No such file or directory
slurmstepd: error: execve(): /scratch/snx3000/mazzolag/qsim/Intel-QS/./examples_giulia/dj.exe: No such file or directory
slurmstepd: error: execve(): /scratch/snx3000/mazzolag/qsim/Intel-QS/./examples_giulia/dj.exe: No such file or directory
slurmstepd: error: execve(): /scratch/snx3000/mazzolag/qsim/Intel-QS/./examples_giulia/dj.exe: No such file or directory
slurmstepd: error: execve(): /scratch/snx3000/mazzolag/qsim/Intel-QS/./examples_giulia/dj.exe: No such file or directory
slurmstepd: error: execve(): /scratch/snx3000/mazzolag/qsim/Intel-QS/./examples_giulia/dj.exe: No such file or directory
slurmstepd: error: execve(): /scratch/snx3000/mazzolag/qsim/Intel-QS/./examples_giulia/dj.exe: No such file or directory
slurmstepd: error: execve(): /scratch/snx3000/mazzolag/qsim/Intel-QS/./examples_giulia/dj.exe: No such file or directory
slurmstepd: error: execve(): /scratch/snx3000/mazzolag/qsim/Intel-QS/./examples_giulia/dj.exe: No such file or directory
slurmstepd: error: execve(): /scratch/snx3000/mazzolag/qsim/Intel-QS/./examples_giulia/dj.exe: No such file or directory
slurmstepd: error: execve(): /scratch/snx3000/mazzolag/qsim/Intel-QS/./examples_giulia/dj.exe: No such file or directory
slurmstepd: error: execve(): /scratch/snx3000/mazzolag/qsim/Intel-QS/./examples_giulia/dj.exe: No such file or directory
slurmstepd: error: execve(): /scratch/snx3000/mazzolag/qsim/Intel-QS/./examples_giulia/dj.exe: No such file or directory
slurmstepd: error: execve(): /scratch/snx3000/mazzolag/qsim/Intel-QS/./examples_giulia/dj.exe: No such file or directory
slurmstepd: error: execve(): /scratch/snx3000/mazzolag/qsim/Intel-QS/./examples_giulia/dj.exe: No such file or directory
slurmstepd: error: execve(): /scratch/snx3000/mazzolag/qsim/Intel-QS/./examples_giulia/dj.exe: No such file or directory
slurmstepd: error: execve(): /scratch/snx3000/mazzolag/qsim/Intel-QS/./examples_giulia/dj.exe: No such file or directory
slurmstepd: error: execve(): /scratch/snx3000/mazzolag/qsim/Intel-QS/./examples_giulia/dj.exe: No such file or directory
slurmstepd: error: execve(): /scratch/snx3000/mazzolag/qsim/Intel-QS/./examples_giulia/dj.exe: No such file or directory
slurmstepd: error: execve(): /scratch/snx3000/mazzolag/qsim/Intel-QS/./examples_giulia/dj.exe: No such file or directory
slurmstepd: error: execve(): /scratch/snx3000/mazzolag/qsim/Intel-QS/./examples_giulia/dj.exe: No such file or directory
slurmstepd: error: execve(): /scratch/snx3000/mazzolag/qsim/Intel-QS/./examples_giulia/dj.exe: No such file or directory
slurmstepd: error: execve(): /scratch/snx3000/mazzolag/qsim/Intel-QS/./examples_giulia/dj.exe: No such file or directory
slurmstepd: error: execve(): /scratch/snx3000/mazzolag/qsim/Intel-QS/./examples_giulia/dj.exe: No such file or directory
slurmstepd: error: execve(): /scratch/snx3000/mazzolag/qsim/Intel-QS/./examples_giulia/dj.exe: No such file or directory
slurmstepd: error: execve(): /scratch/snx3000/mazzolag/qsim/Intel-QS/./examples_giulia/dj.exe: No such file or directory
slurmstepd: error: execve(): /scratch/snx3000/mazzolag/qsim/Intel-QS/./examples_giulia/dj.exe: No such file or directory
slurmstepd: error: execve(): /scratch/snx3000/mazzolag/qsim/Intel-QS/./examples_giulia/dj.exe: No such file or directory
slurmstepd: error: execve(): /scratch/snx3000/mazzolag/qsim/Intel-QS/./examples_giulia/dj.exe: No such file or directory
slurmstepd: error: execve(): /scratch/snx3000/mazzolag/qsim/Intel-QS/./examples_giulia/dj.exe: No such file or directory
slurmstepd: error: execve(): /scratch/snx3000/mazzolag/qsim/Intel-QS/./examples_giulia/dj.exe: No such file or directory
slurmstepd: error: execve(): /scratch/snx3000/mazzolag/qsim/Intel-QS/./examples_giulia/dj.exe: No such file or directory
slurmstepd: error: execve(): /scratch/snx3000/mazzolag/qsim/Intel-QS/./examples_giulia/dj.exe: No such file or directory
slurmstepd: error: execve(): /scratch/snx3000/mazzolag/qsim/Intel-QS/./examples_giulia/dj.exe: No such file or directory
slurmstepd: error: execve(): /scratch/snx3000/mazzolag/qsim/Intel-QS/./examples_giulia/dj.exe: No such file or directory
slurmstepd: error: execve(): /scratch/snx3000/mazzolag/qsim/Intel-QS/./examples_giulia/dj.exe: No such file or directory
slurmstepd: error: execve(): /scratch/snx3000/mazzolag/qsim/Intel-QS/./examples_giulia/dj.exe: No such file or directory
slurmstepd: error: execve(): /scratch/snx3000/mazzolag/qsim/Intel-QS/./examples_giulia/dj.exe: No such file or directory
slurmstepd: error: execve(): /scratch/snx3000/mazzolag/qsim/Intel-QS/./examples_giulia/dj.exe: No such file or directory
slurmstepd: error: execve(): /scratch/snx3000/mazzolag/qsim/Intel-QS/./examples_giulia/dj.exe: No such file or directory
slurmstepd: error: execve(): /scratch/snx3000/mazzolag/qsim/Intel-QS/./examples_giulia/dj.exe: No such file or directory
slurmstepd: error: execve(): /scratch/snx3000/mazzolag/qsim/Intel-QS/./examples_giulia/dj.exe: No such file or directory
slurmstepd: error: execve(): /scratch/snx3000/mazzolag/qsim/Intel-QS/./examples_giulia/dj.exe: No such file or directory
slurmstepd: error: execve(): /scratch/snx3000/mazzolag/qsim/Intel-QS/./examples_giulia/dj.exe: No such file or directory
slurmstepd: error: execve(): /scratch/snx3000/mazzolag/qsim/Intel-QS/./examples_giulia/dj.exe: No such file or directory
slurmstepd: error: execve(): /scratch/snx3000/mazzolag/qsim/Intel-QS/./examples_giulia/dj.exe: No such file or directory
slurmstepd: error: execve(): /scratch/snx3000/mazzolag/qsim/Intel-QS/./examples_giulia/dj.exe: No such file or directory
slurmstepd: error: execve(): /scratch/snx3000/mazzolag/qsim/Intel-QS/./examples_giulia/dj.exe: No such file or directory
slurmstepd: error: execve(): /scratch/snx3000/mazzolag/qsim/Intel-QS/./examples_giulia/dj.exe: No such file or directory
slurmstepd: error: execve(): /scratch/snx3000/mazzolag/qsim/Intel-QS/./examples_giulia/dj.exe: No such file or directory
slurmstepd: error: execve(): /scratch/snx3000/mazzolag/qsim/Intel-QS/./examples_giulia/dj.exe: No such file or directory
slurmstepd: error: execve(): /scratch/snx3000/mazzolag/qsim/Intel-QS/./examples_giulia/dj.exe: No such file or directory
slurmstepd: error: execve(): /scratch/snx3000/mazzolag/qsim/Intel-QS/./examples_giulia/dj.exe: No such file or directory
slurmstepd: error: execve(): /scratch/snx3000/mazzolag/qsim/Intel-QS/./examples_giulia/dj.exe: No such file or directory
slurmstepd: error: execve(): /scratch/snx3000/mazzolag/qsim/Intel-QS/./examples_giulia/dj.exe: No such file or directory
slurmstepd: error: execve(): /scratch/snx3000/mazzolag/qsim/Intel-QS/./examples_giulia/dj.exe: No such file or directory
slurmstepd: error: execve(): /scratch/snx3000/mazzolag/qsim/Intel-QS/./examples_giulia/dj.exe: No such file or directory
slurmstepd: error: execve(): /scratch/snx3000/mazzolag/qsim/Intel-QS/./examples_giulia/dj.exe: No such file or directory
slurmstepd: error: execve(): /scratch/snx3000/mazzolag/qsim/Intel-QS/./examples_giulia/dj.exe: No such file or directory
slurmstepd: error: execve(): /scratch/snx3000/mazzolag/qsim/Intel-QS/./examples_giulia/dj.exe: No such file or directory
slurmstepd: error: execve(): /scratch/snx3000/mazzolag/qsim/Intel-QS/./examples_giulia/dj.exe: No such file or directory
slurmstepd: error: execve(): /scratch/snx3000/mazzolag/qsim/Intel-QS/./examples_giulia/dj.exe: No such file or directory
slurmstepd: error: execve(): /scratch/snx3000/mazzolag/qsim/Intel-QS/./examples_giulia/dj.exe: No such file or directory
slurmstepd: error: execve(): /scratch/snx3000/mazzolag/qsim/Intel-QS/./examples_giulia/dj.exe: No such file or directory
slurmstepd: error: execve(): /scratch/snx3000/mazzolag/qsim/Intel-QS/./examples_giulia/dj.exe: No such file or directory
slurmstepd: error: execve(): /scratch/snx3000/mazzolag/qsim/Intel-QS/./examples_giulia/dj.exe: No such file or directory
slurmstepd: error: execve(): /scratch/snx3000/mazzolag/qsim/Intel-QS/./examples_giulia/dj.exe: No such file or directory
slurmstepd: error: execve(): /scratch/snx3000/mazzolag/qsim/Intel-QS/./examples_giulia/dj.exe: No such file or directory
slurmstepd: error: execve(): /scratch/snx3000/mazzolag/qsim/Intel-QS/./examples_giulia/dj.exe: No such file or directory
slurmstepd: error: execve(): /scratch/snx3000/mazzolag/qsim/Intel-QS/./examples_giulia/dj.exe: No such file or directory
slurmstepd: error: execve(): /scratch/snx3000/mazzolag/qsim/Intel-QS/./examples_giulia/dj.exe: No such file or directory
slurmstepd: error: execve(): /scratch/snx3000/mazzolag/qsim/Intel-QS/./examples_giulia/dj.exe: No such file or directory
slurmstepd: error: execve(): /scratch/snx3000/mazzolag/qsim/Intel-QS/./examples_giulia/dj.exe: No such file or directory
slurmstepd: error: execve(): /scratch/snx3000/mazzolag/qsim/Intel-QS/./examples_giulia/dj.exe: No such file or directory
slurmstepd: error: execve(): /scratch/snx3000/mazzolag/qsim/Intel-QS/./examples_giulia/dj.exe: No such file or directory
slurmstepd: error: execve(): /scratch/snx3000/mazzolag/qsim/Intel-QS/./examples_giulia/dj.exe: No such file or directory
slurmstepd: error: execve(): /scratch/snx3000/mazzolag/qsim/Intel-QS/./examples_giulia/dj.exe: No such file or directory
slurmstepd: error: execve(): /scratch/snx3000/mazzolag/qsim/Intel-QS/./examples_giulia/dj.exe: No such file or directory
slurmstepd: error: execve(): /scratch/snx3000/mazzolag/qsim/Intel-QS/./examples_giulia/dj.exe: No such file or directory
slurmstepd: error: execve(): /scratch/snx3000/mazzolag/qsim/Intel-QS/./examples_giulia/dj.exe: No such file or directory
slurmstepd: error: execve(): /scratch/snx3000/mazzolag/qsim/Intel-QS/./examples_giulia/dj.exe: No such file or directory
slurmstepd: error: execve(): /scratch/snx3000/mazzolag/qsim/Intel-QS/./examples_giulia/dj.exe: No such file or directory
slurmstepd: error: execve(): /scratch/snx3000/mazzolag/qsim/Intel-QS/./examples_giulia/dj.exe: No such file or directory
slurmstepd: error: execve(): /scratch/snx3000/mazzolag/qsim/Intel-QS/./examples_giulia/dj.exe: No such file or directory
slurmstepd: error: execve(): /scratch/snx3000/mazzolag/qsim/Intel-QS/./examples_giulia/dj.exe: No such file or directory
slurmstepd: error: execve(): /scratch/snx3000/mazzolag/qsim/Intel-QS/./examples_giulia/dj.exe: No such file or directory
slurmstepd: error: execve(): /scratch/snx3000/mazzolag/qsim/Intel-QS/./examples_giulia/dj.exe: No such file or directory
slurmstepd: error: execve(): /scratch/snx3000/mazzolag/qsim/Intel-QS/./examples_giulia/dj.exe: No such file or directory
slurmstepd: error: execve(): /scratch/snx3000/mazzolag/qsim/Intel-QS/./examples_giulia/dj.exe: No such file or directory
slurmstepd: error: execve(): /scratch/snx3000/mazzolag/qsim/Intel-QS/./examples_giulia/dj.exe: No such file or directory
slurmstepd: error: execve(): /scratch/snx3000/mazzolag/qsim/Intel-QS/./examples_giulia/dj.exe: No such file or directory
slurmstepd: error: execve(): /scratch/snx3000/mazzolag/qsim/Intel-QS/./examples_giulia/dj.exe: No such file or directory
slurmstepd: error: execve(): /scratch/snx3000/mazzolag/qsim/Intel-QS/./examples_giulia/dj.exe: No such file or directory
slurmstepd: error: execve(): /scratch/snx3000/mazzolag/qsim/Intel-QS/./examples_giulia/dj.exe: No such file or directory
slurmstepd: error: execve(): /scratch/snx3000/mazzolag/qsim/Intel-QS/./examples_giulia/dj.exe: No such file or directory
slurmstepd: error: execve(): /scratch/snx3000/mazzolag/qsim/Intel-QS/./examples_giulia/dj.exe: No such file or directory
slurmstepd: error: execve(): /scratch/snx3000/mazzolag/qsim/Intel-QS/./examples_giulia/dj.exe: No such file or directory
slurmstepd: error: execve(): /scratch/snx3000/mazzolag/qsim/Intel-QS/./examples_giulia/dj.exe: No such file or directory
slurmstepd: error: execve(): /scratch/snx3000/mazzolag/qsim/Intel-QS/./examples_giulia/dj.exe: No such file or directory
slurmstepd: error: execve(): /scratch/snx3000/mazzolag/qsim/Intel-QS/./examples_giulia/dj.exe: No such file or directory
slurmstepd: error: execve(): /scratch/snx3000/mazzolag/qsim/Intel-QS/./examples_giulia/dj.exe: No such file or directory
slurmstepd: error: execve(): /scratch/snx3000/mazzolag/qsim/Intel-QS/./examples_giulia/dj.exe: No such file or directory
slurmstepd: error: execve(): /scratch/snx3000/mazzolag/qsim/Intel-QS/./examples_giulia/dj.exe: No such file or directory
slurmstepd: error: execve(): /scratch/snx3000/mazzolag/qsim/Intel-QS/./examples_giulia/dj.exe: No such file or directory
slurmstepd: error: execve(): /scratch/snx3000/mazzolag/qsim/Intel-QS/./examples_giulia/dj.exe: No such file or directory
slurmstepd: error: execve(): /scratch/snx3000/mazzolag/qsim/Intel-QS/./examples_giulia/dj.exe: No such file or directory
slurmstepd: error: execve(): /scratch/snx3000/mazzolag/qsim/Intel-QS/./examples_giulia/dj.exe: No such file or directory
slurmstepd: error: execve(): /scratch/snx3000/mazzolag/qsim/Intel-QS/./examples_giulia/dj.exe: No such file or directory
slurmstepd: error: execve(): /scratch/snx3000/mazzolag/qsim/Intel-QS/./examples_giulia/dj.exe: No such file or directory
slurmstepd: error: execve(): /scratch/snx3000/mazzolag/qsim/Intel-QS/./examples_giulia/dj.exe: No such file or directory
slurmstepd: error: execve(): /scratch/snx3000/mazzolag/qsim/Intel-QS/./examples_giulia/dj.exe: No such file or directory
slurmstepd: error: execve(): /scratch/snx3000/mazzolag/qsim/Intel-QS/./examples_giulia/dj.exe: No such file or directory
slurmstepd: error: execve(): /scratch/snx3000/mazzolag/qsim/Intel-QS/./examples_giulia/dj.exe: No such file or directory
slurmstepd: error: execve(): /scratch/snx3000/mazzolag/qsim/Intel-QS/./examples_giulia/dj.exe: No such file or directory
slurmstepd: error: execve(): /scratch/snx3000/mazzolag/qsim/Intel-QS/./examples_giulia/dj.exe: No such file or directory
slurmstepd: error: execve(): /scratch/snx3000/mazzolag/qsim/Intel-QS/./examples_giulia/dj.exe: No such file or directory
slurmstepd: error: execve(): /scratch/snx3000/mazzolag/qsim/Intel-QS/./examples_giulia/dj.exe: No such file or directory
slurmstepd: error: execve(): /scratch/snx3000/mazzolag/qsim/Intel-QS/./examples_giulia/dj.exe: No such file or directory
slurmstepd: error: execve(): /scratch/snx3000/mazzolag/qsim/Intel-QS/./examples_giulia/dj.exe: No such file or directory
srun: error: nid00428: tasks 6-7: Exited with exit code 2
srun: Terminating job step 13302851.0
srun: error: nid01122: tasks 324-325: Exited with exit code 2
srun: error: nid01123: tasks 326-327: Exited with exit code 2
srun: error: nid01124: tasks 328-329: Exited with exit code 2
srun: error: nid01178: tasks 354-355: Exited with exit code 2
srun: error: nid00435: tasks 20-21: Exited with exit code 2
srun: error: nid00465: tasks 58-59: Exited with exit code 2
srun: error: nid00553: tasks 156-157: Exited with exit code 2
srun: error: nid00584: tasks 206-207: Exited with exit code 2
srun: error: nid00445: tasks 40-41: Exited with exit code 2
srun: error: nid00538: tasks 126-127: Exited with exit code 2
srun: error: nid01037: tasks 296-297: Exited with exit code 2
srun: error: nid01121: tasks 322-323: Exited with exit code 2
srun: error: nid00579: tasks 204-205: Exited with exit code 2
srun: error: nid00518: tasks 86-87: Exited with exit code 2
srun: error: nid00462: tasks 52-53: Exited with exit code 2
srun: error: nid00509: tasks 78-79: Exited with exit code 2
srun: error: nid00510: tasks 80-81: Exited with exit code 2
srun: error: nid01245: tasks 394-395: Exited with exit code 2
srun: error: nid00466: tasks 60-61: Exited with exit code 2
srun: error: nid01253: tasks 410-411: Exited with exit code 2
srun: error: nid00519: tasks 88-89: Exited with exit code 2
srun: error: nid01125: tasks 330-331: Exited with exit code 2
srun: error: nid00429: tasks 8-9: Exited with exit code 2
srun: error: nid00558: tasks 166-167: Exited with exit code 2
srun: error: nid01240: tasks 384-385: Exited with exit code 2
srun: error: nid00572: tasks 194-195: Exited with exit code 2
srun: error: nid00585: tasks 208-209: Exited with exit code 2
srun: error: nid01119: tasks 318-319: Exited with exit code 2
srun: error: nid00924: tasks 236-237: Exited with exit code 2
srun: error: nid00540: tasks 130-131: Exited with exit code 2
srun: error: nid01252: tasks 408-409: Exited with exit code 2
srun: error: nid00590: tasks 218-219: Exited with exit code 2
srun: error: nid00537: tasks 124-125: Exited with exit code 2
srun: error: nid01249: tasks 402-403: Exited with exit code 2
srun: error: nid01126: tasks 332-333: Exited with exit code 2
srun: error: nid00459: tasks 46-47: Exited with exit code 2
srun: error: nid00431: tasks 12-13: Exited with exit code 2
srun: error: nid00444: tasks 38-39: Exited with exit code 2
srun: error: nid01171: tasks 340-341: Exited with exit code 2
srun: error: nid00556: tasks 162-163: Exited with exit code 2
srun: error: nid00539: tasks 128-129: Exited with exit code 2
srun: error: nid01251: tasks 406-407: Exited with exit code 2
srun: error: nid00529: tasks 108-109: Exited with exit code 2
srun: error: nid00432: tasks 14-15: Exited with exit code 2
srun: error: nid01242: tasks 388-389: Exited with exit code 2
srun: error: nid00923: tasks 234-235: Exited with exit code 2
srun: error: nid01114: tasks 308-309: Exited with exit code 2
srun: error: nid00436: tasks 22-23: Exited with exit code 2
srun: error: nid00547: tasks 144-145: Exited with exit code 2
srun: error: nid01170: tasks 338-339: Exited with exit code 2
srun: error: nid01189: tasks 376-377: Exited with exit code 2
srun: error: nid00526: tasks 102-103: Exited with exit code 2
srun: error: nid00930: tasks 248-249: Exited with exit code 2
srun: error: nid00528: tasks 106-107: Exited with exit code 2
srun: error: nid00535: tasks 120-121: Exited with exit code 2
srun: error: nid00542: tasks 134-135: Exited with exit code 2
srun: error: nid01183: tasks 364-365: Exited with exit code 2
srun: error: nid01243: tasks 390-391: Exited with exit code 2
srun: error: nid00527: tasks 104-105: Exited with exit code 2
srun: error: nid01174: tasks 346-347: Exited with exit code 2
srun: error: nid01169: tasks 336-337: Exited with exit code 2
srun: error: nid01182: tasks 362-363: Exited with exit code 2
srun: error: nid00508: tasks 76-77: Exited with exit code 2
srun: error: nid00520: tasks 90-91: Exited with exit code 2
srun: error: nid00563: tasks 176-177: Exited with exit code 2
srun: error: nid00552: tasks 154-155: Exited with exit code 2
srun: error: nid01246: tasks 396-397: Exited with exit code 2
srun: error: nid00461: tasks 50-51: Exited with exit code 2
srun: error: nid00591: tasks 220-221: Exited with exit code 2
srun: error: nid00550: tasks 150-151: Exited with exit code 2
srun: error: nid00557: tasks 164-165: Exited with exit code 2
srun: error: nid01038: tasks 298-299: Exited with exit code 2
srun: error: nid00460: tasks 48-49: Exited with exit code 2
srun: error: nid00507: tasks 74-75: Exited with exit code 2
srun: error: nid00549: tasks 148-149: Exited with exit code 2
srun: error: nid00586: tasks 210-211: Exited with exit code 2
srun: error: nid01179: tasks 356-357: Exited with exit code 2
srun: error: nid01015: tasks 262-263: Exited with exit code 2
srun: error: nid00589: tasks 216-217: Exited with exit code 2
srun: error: nid01111: tasks 302-303: Exited with exit code 2
srun: error: nid01254: tasks 412-413: Exited with exit code 2
srun: error: nid01030: tasks 282-283: Exited with exit code 2
srun: error: nid01244: tasks 392-393: Exited with exit code 2
srun: error: nid00516: tasks 82-83: Exited with exit code 2
srun: error: nid01187: tasks 372-373: Exited with exit code 2
srun: error: nid00438: tasks 26-27: Exited with exit code 2
srun: error: nid00427: tasks 4-5: Exited with exit code 2
srun: error: nid00446: tasks 42-43: Exited with exit code 2
srun: error: nid01185: tasks 368-369: Exited with exit code 2
srun: error: nid01127: tasks 334-335: Exited with exit code 2
srun: error: nid00541: tasks 132-133: Exited with exit code 2
srun: error: nid00554: tasks 158-159: Exited with exit code 2
srun: error: nid01177: tasks 352-353: Exited with exit code 2
srun: error: nid00463: tasks 54-55: Exited with exit code 2
srun: error: nid00458: tasks 44-45: Exited with exit code 2
srun: error: nid01180: tasks 358-359: Exited with exit code 2
srun: error: nid00443: tasks 36-37: Exited with exit code 2
srun: error: nid00927: tasks 242-243: Exited with exit code 2
srun: error: nid01112: tasks 304-305: Exited with exit code 2
srun: error: nid00440: tasks 30-31: Exited with exit code 2
srun: error: nid00533: tasks 116-117: Exited with exit code 2
srun: error: nid00534: tasks 118-119: Exited with exit code 2
srun: error: nid00517: tasks 84-85: Exited with exit code 2
srun: error: nid01241: tasks 386-387: Exited with exit code 2
srun: error: nid01248: tasks 400-401: Exited with exit code 2
srun: error: nid00532: tasks 114-115: Exited with exit code 2
srun: error: nid00569: tasks 188-189: Exited with exit code 2
srun: error: nid01186: tasks 370-371: Exited with exit code 2
srun: error: nid01181: tasks 360-361: Exited with exit code 2
srun: error: nid01188: tasks 374-375: Exited with exit code 2
srun: error: nid00543: tasks 136-137: Exited with exit code 2
srun: error: nid00562: tasks 174-175: Exited with exit code 2
srun: error: nid01173: tasks 344-345: Exited with exit code 2
srun: error: nid00430: tasks 10-11: Exited with exit code 2
srun: error: nid00571: tasks 192-193: Exited with exit code 2
srun: error: nid01028: tasks 278-279: Exited with exit code 2
srun: error: nid00567: tasks 184-185: Exited with exit code 2
srun: error: nid00576: tasks 198-199: Exited with exit code 2
srun: error: nid00470: tasks 68-69: Exited with exit code 2
srun: error: nid00522: tasks 94-95: Exited with exit code 2
srun: error: nid01116: tasks 312-313: Exited with exit code 2
srun: error: nid01034: tasks 290-291: Exited with exit code 2
srun: error: nid00922: tasks 232-233: Exited with exit code 2
srun: error: nid00544: tasks 138-139: Exited with exit code 2
srun: error: nid00545: tasks 140-141: Exited with exit code 2
srun: error: nid01115: tasks 310-311: Exited with exit code 2
srun: error: nid00437: tasks 24-25: Exited with exit code 2
srun: error: nid00933: tasks 254-255: Exited with exit code 2
srun: error: nid00468: tasks 64-65: Exited with exit code 2
srun: error: nid00929: tasks 246-247: Exited with exit code 2
srun: error: nid00587: tasks 212-213: Exited with exit code 2
srun: error: nid00925: tasks 238-239: Exited with exit code 2
srun: error: nid01175: tasks 348-349: Exited with exit code 2
srun: error: nid00548: tasks 146-147: Exited with exit code 2
srun: error: nid00561: tasks 172-173: Exited with exit code 2
srun: error: nid01019: tasks 270-271: Exited with exit code 2
srun: error: nid00521: tasks 92-93: Exited with exit code 2
srun: error: nid00546: tasks 142-143: Exited with exit code 2
srun: error: nid00926: tasks 240-241: Exited with exit code 2
srun: error: nid00530: tasks 110-111: Exited with exit code 2
srun: error: nid01018: tasks 268-269: Exited with exit code 2
srun: error: nid00434: tasks 18-19: Exited with exit code 2
srun: error: nid01120: tasks 320-321: Exited with exit code 2
srun: error: nid00854: tasks 226-227: Exited with exit code 2
srun: error: nid00506: tasks 72-73: Exited with exit code 2
srun: error: nid01247: tasks 398-399: Exited with exit code 2
srun: error: nid01029: tasks 280-281: Exited with exit code 2
srun: error: nid01255: tasks 414-415: Exited with exit code 2
srun: error: nid00464: tasks 56-57: Exited with exit code 2
srun: error: nid01021: tasks 274-275: Exited with exit code 2
srun: error: nid00523: tasks 96-97: Exited with exit code 2
srun: error: nid00426: tasks 2-3: Exited with exit code 2
srun: error: nid00433: tasks 16-17: Exited with exit code 2
srun: error: nid01036: tasks 294-295: Exited with exit code 2
srun: error: nid01191: tasks 380-381: Exited with exit code 2
srun: error: nid00471: tasks 70-71: Exited with exit code 2
srun: error: nid00932: tasks 252-253: Exited with exit code 2
srun: error: nid00566: tasks 182-183: Exited with exit code 2
srun: error: nid00439: tasks 28-29: Exited with exit code 2
srun: error: nid00852: tasks 222-223: Exited with exit code 2
srun: error: nid00577: tasks 200-201: Exited with exit code 2
srun: error: nid00931: tasks 250-251: Exited with exit code 2
srun: error: nid00855: tasks 228-229: Exited with exit code 2
srun: error: nid01176: tasks 350-351: Exited with exit code 2
srun: error: nid00525: tasks 100-101: Exited with exit code 2
srun: error: nid01184: tasks 366-367: Exited with exit code 2
srun: error: nid01031: tasks 284-285: Exited with exit code 2
srun: error: nid00564: tasks 178-179: Exited with exit code 2
srun: error: nid00565: tasks 180-181: Exited with exit code 2
srun: error: nid01117: tasks 314-315: Exited with exit code 2
srun: error: nid00555: tasks 160-161: Exited with exit code 2
srun: error: nid00568: tasks 186-187: Exited with exit code 2
srun: error: nid00551: tasks 152-153: Exited with exit code 2
srun: error: nid00588: tasks 214-215: Exited with exit code 2
srun: error: nid01022: tasks 276-277: Exited with exit code 2
srun: error: nid00560: tasks 170-171: Exited with exit code 2
srun: error: nid00928: tasks 244-245: Exited with exit code 2
srun: error: nid01113: tasks 306-307: Exited with exit code 2
srun: error: nid00853: tasks 224-225: Exited with exit code 2
srun: error: nid00570: tasks 190-191: Exited with exit code 2
srun: error: nid01039: tasks 300-301: Exited with exit code 2
srun: error: nid00467: tasks 62-63: Exited with exit code 2
srun: error: nid01035: tasks 292-293: Exited with exit code 2
srun: error: nid01190: tasks 378-379: Exited with exit code 2
srun: error: nid01020: tasks 272-273: Exited with exit code 2
srun: error: nid00442: tasks 34-35: Exited with exit code 2
srun: error: nid01016: tasks 264-265: Exited with exit code 2
srun: error: nid00856: tasks 230-231: Exited with exit code 2
srun: error: nid00531: tasks 112-113: Exited with exit code 2
srun: error: nid00469: tasks 66-67: Exited with exit code 2
srun: error: nid00441: tasks 32-33: Exited with exit code 2
srun: error: nid00578: tasks 202-203: Exited with exit code 2
srun: error: nid00559: tasks 168-169: Exited with exit code 2
srun: error: nid00524: tasks 98-99: Exited with exit code 2
srun: error: nid01118: tasks 316-317: Exited with exit code 2
srun: error: nid01013: tasks 258-259: Exited with exit code 2
srun: error: nid01250: tasks 404-405: Exited with exit code 2
srun: error: nid01032: tasks 286-287: Exited with exit code 2
srun: error: nid01033: tasks 288-289: Exited with exit code 2
srun: error: nid01017: tasks 266-267: Exited with exit code 2
srun: error: nid01012: tasks 256-257: Exited with exit code 2
srun: error: nid01291: tasks 426-427: Exited with exit code 2
srun: error: nid01014: tasks 260-261: Exited with exit code 2
srun: error: nid01192: tasks 382-383: Exited with exit code 2
srun: error: nid01300: tasks 444-445: Exited with exit code 2
srun: error: nid00536: tasks 122-123: Exited with exit code 2
srun: error: nid01290: tasks 424-425: Exited with exit code 2
srun: error: nid01297: tasks 438-439: Exited with exit code 2
srun: error: nid01298: tasks 440-441: Exited with exit code 2
srun: error: nid01311: tasks 466-467: Exited with exit code 2
srun: error: nid01318: tasks 480-481: Exited with exit code 2
srun: error: nid01503: tasks 506-507: Exited with exit code 2
srun: error: nid01504: tasks 508-509: Exited with exit code 2
srun: error: nid01172: tasks 342-343: Exited with exit code 2
srun: error: nid01310: tasks 464-465: Exited with exit code 2
srun: error: nid01293: tasks 430-431: Exited with exit code 2
srun: error: nid01502: tasks 504-505: Exited with exit code 2
srun: error: nid01295: tasks 434-435: Exited with exit code 2
srun: error: nid00573: tasks 196-197: Exited with exit code 2
srun: error: nid01309: tasks 462-463: Exited with exit code 2
srun: error: nid01322: tasks 488-489: Exited with exit code 2
srun: error: nid01299: tasks 442-443: Exited with exit code 2
srun: error: nid01294: tasks 432-433: Exited with exit code 2
srun: error: nid01301: tasks 446-447: Exited with exit code 2
srun: error: nid01314: tasks 472-473: Exited with exit code 2
srun: error: nid01499: tasks 498-499: Exited with exit code 2
srun: error: nid01292: tasks 428-429: Exited with exit code 2
srun: error: nid01501: tasks 502-503: Exited with exit code 2
srun: error: nid01288: tasks 420-421: Exited with exit code 2
srun: error: nid01307: tasks 458-459: Exited with exit code 2
srun: error: nid01320: tasks 484-485: Exited with exit code 2
srun: error: nid01505: tasks 510-511: Exited with exit code 2
srun: error: nid01304: tasks 452-453: Exited with exit code 2
srun: error: nid01323: tasks 490-491: Exited with exit code 2
srun: error: nid01496: tasks 492-493: Exited with exit code 2
srun: error: nid01497: tasks 494-495: Exited with exit code 2
srun: error: nid01308: tasks 460-461: Exited with exit code 2
srun: error: nid01321: tasks 486-487: Exited with exit code 2
srun: error: nid01500: tasks 500-501: Exited with exit code 2
srun: error: nid01287: tasks 418-419: Exited with exit code 2
srun: error: nid01312: tasks 468-469: Exited with exit code 2
srun: error: nid01289: tasks 422-423: Exited with exit code 2
srun: error: nid01498: tasks 496-497: Exited with exit code 2
srun: error: nid01315: tasks 474-475: Exited with exit code 2
srun: error: nid01286: tasks 416-417: Exited with exit code 2
srun: error: nid01317: tasks 478-479: Exited with exit code 2
srun: error: nid01306: tasks 456-457: Exited with exit code 2
srun: error: nid01313: tasks 470-471: Exited with exit code 2
srun: error: nid01302: tasks 448-449: Exited with exit code 2
srun: error: nid01303: tasks 450-451: Exited with exit code 2
srun: error: nid01316: tasks 476-477: Exited with exit code 2
srun: error: nid01305: tasks 454-455: Exited with exit code 2
srun: error: nid00425: tasks 0-1: Exited with exit code 2
srun: error: nid01319: tasks 482-483: Exited with exit code 2
srun: error: nid01296: tasks 436-437: Exited with exit code 2
srun: error: nid00428: tasks 6-7: Exited with exit code 2
srun: error: Task 6 reported exit for a second time.
srun: error: Task 7 reported exit for a second time.
srun: error: nid00435: tasks 20-21: Exited with exit code 2
srun: error: Task 20 reported exit for a second time.
srun: error: Task 21 reported exit for a second time.
srun: error: nid00465: tasks 58-59: Exited with exit code 2
srun: error: Task 58 reported exit for a second time.
srun: error: Task 59 reported exit for a second time.
srun: error: nid01122: tasks 324-325: Exited with exit code 2
srun: error: Task 324 reported exit for a second time.
srun: error: Task 325 reported exit for a second time.
srun: error: nid01123: tasks 326-327: Exited with exit code 2
srun: error: Task 326 reported exit for a second time.
srun: error: Task 327 reported exit for a second time.
srun: error: nid01124: tasks 328-329: Exited with exit code 2
srun: error: Task 328 reported exit for a second time.
srun: error: Task 329 reported exit for a second time.
srun: error: nid01178: tasks 354-355: Exited with exit code 2
srun: error: Task 354 reported exit for a second time.
srun: error: Task 355 reported exit for a second time.
srun: error: nid01037: tasks 296-297: Exited with exit code 2
srun: error: Task 296 reported exit for a second time.
srun: error: Task 297 reported exit for a second time.
srun: error: nid01121: tasks 322-323: Exited with exit code 2
srun: error: Task 322 reported exit for a second time.
srun: error: Task 323 reported exit for a second time.


================================

 
Batch Job Summary Report for Job "weak-dj256.sh" (13302851) on daint
-----------------------------------------------------------------------------------------------------
             Submit            Eligible               Start                 End    Elapsed  Timelimit 
------------------- ------------------- ------------------- ------------------- ---------- ---------- 
2019-04-25T11:26:06 2019-04-25T11:26:06 2019-04-25T12:15:02 2019-04-25T12:16:02   00:01:00   02:00:00 
-----------------------------------------------------------------------------------------------------
Username    Account     Partition   NNodes   Energy
----------  ----------  ----------  ------  --------------
mazzolag    csstaff     normal         256  307.14K joules
 
This job did not utilize any GPUs
 
----------------------------------------------------------
Scratch File System        Files       Quota
--------------------  ----------  ----------
/scratch/snx3000           26231     1000000
 
